<?xml version="1.0" encoding="UTF-8"?>
<testsuite name="ru.stqa.pft.addressbook.addressbook.tests.ContactCreationTests" tests="6" skipped="0" failures="0" errors="0" timestamp="2019-04-06T19:11:09" hostname="iMac.local" time="25.495">
  <properties/>
  <testcase name="testContactCreation[0](ContactData{id=2147483647, firstname='Max 0', lastname='Bolshakov 0'})" classname="ru.stqa.pft.addressbook.addressbook.tests.ContactCreationTests" time="6.732"/>
  <testcase name="testContactCreation[1](ContactData{id=2147483647, firstname='Max 1', lastname='Bolshakov 1'})" classname="ru.stqa.pft.addressbook.addressbook.tests.ContactCreationTests" time="6.065"/>
  <testcase name="testContactCreation[2](ContactData{id=2147483647, firstname='Max 2', lastname='Bolshakov 2'})" classname="ru.stqa.pft.addressbook.addressbook.tests.ContactCreationTests" time="4.694"/>
  <testcase name="testContactCreation[3](ContactData{id=2147483647, firstname='Max 3', lastname='Bolshakov 3'})" classname="ru.stqa.pft.addressbook.addressbook.tests.ContactCreationTests" time="3.456"/>
  <testcase name="testContactCreation[4](ContactData{id=2147483647, firstname='Max 4', lastname='Bolshakov 4'})" classname="ru.stqa.pft.addressbook.addressbook.tests.ContactCreationTests" time="3.627"/>
  <testcase name="testCurrentDir" classname="ru.stqa.pft.addressbook.addressbook.tests.ContactCreationTests" time="0.001"/>
  <system-out><![CDATA[22:11:09.068 [Test worker] INFO  r.s.p.a.addressbook.tests.TestBase - Start testtestContactCreationwith parameters [ContactData{id=2147483647, firstname='Max 0', lastname='Bolshakov 0'}]
Hibernate: select groupdata0_.group_id as group_id1_2_, groupdata0_.group_footer as group_fo2_2_, groupdata0_.group_header as group_he3_2_, groupdata0_.group_name as group_na4_2_ from group_list groupdata0_
Hibernate: select contacts0_.group_id as group_id2_0_0_, contacts0_.id as id1_0_0_, contactdat1_.id as id1_1_1_, contactdat1_.address as address2_1_1_, contactdat1_.email as email3_1_1_, contactdat1_.email2 as email4_1_1_, contactdat1_.email3 as email5_1_1_, contactdat1_.firstname as firstnam6_1_1_, contactdat1_.home as home7_1_1_, contactdat1_.lastname as lastname8_1_1_, contactdat1_.mobile as mobile9_1_1_, contactdat1_.photo as photo10_1_1_, contactdat1_.work as work11_1_1_ from address_in_groups contacts0_ inner join addressbook contactdat1_ on contacts0_.id=contactdat1_.id where contacts0_.group_id=?
Hibernate: select contacts0_.group_id as group_id2_0_0_, contacts0_.id as id1_0_0_, contactdat1_.id as id1_1_1_, contactdat1_.address as address2_1_1_, contactdat1_.email as email3_1_1_, contactdat1_.email2 as email4_1_1_, contactdat1_.email3 as email5_1_1_, contactdat1_.firstname as firstnam6_1_1_, contactdat1_.home as home7_1_1_, contactdat1_.lastname as lastname8_1_1_, contactdat1_.mobile as mobile9_1_1_, contactdat1_.photo as photo10_1_1_, contactdat1_.work as work11_1_1_ from address_in_groups contacts0_ inner join addressbook contactdat1_ on contacts0_.id=contactdat1_.id where contacts0_.group_id=?
Hibernate: select contacts0_.group_id as group_id2_0_0_, contacts0_.id as id1_0_0_, contactdat1_.id as id1_1_1_, contactdat1_.address as address2_1_1_, contactdat1_.email as email3_1_1_, contactdat1_.email2 as email4_1_1_, contactdat1_.email3 as email5_1_1_, contactdat1_.firstname as firstnam6_1_1_, contactdat1_.home as home7_1_1_, contactdat1_.lastname as lastname8_1_1_, contactdat1_.mobile as mobile9_1_1_, contactdat1_.photo as photo10_1_1_, contactdat1_.work as work11_1_1_ from address_in_groups contacts0_ inner join addressbook contactdat1_ on contacts0_.id=contactdat1_.id where contacts0_.group_id=?
Hibernate: select contacts0_.group_id as group_id2_0_0_, contacts0_.id as id1_0_0_, contactdat1_.id as id1_1_1_, contactdat1_.address as address2_1_1_, contactdat1_.email as email3_1_1_, contactdat1_.email2 as email4_1_1_, contactdat1_.email3 as email5_1_1_, contactdat1_.firstname as firstnam6_1_1_, contactdat1_.home as home7_1_1_, contactdat1_.lastname as lastname8_1_1_, contactdat1_.mobile as mobile9_1_1_, contactdat1_.photo as photo10_1_1_, contactdat1_.work as work11_1_1_ from address_in_groups contacts0_ inner join addressbook contactdat1_ on contacts0_.id=contactdat1_.id where contacts0_.group_id=?
Hibernate: select contacts0_.group_id as group_id2_0_0_, contacts0_.id as id1_0_0_, contactdat1_.id as id1_1_1_, contactdat1_.address as address2_1_1_, contactdat1_.email as email3_1_1_, contactdat1_.email2 as email4_1_1_, contactdat1_.email3 as email5_1_1_, contactdat1_.firstname as firstnam6_1_1_, contactdat1_.home as home7_1_1_, contactdat1_.lastname as lastname8_1_1_, contactdat1_.mobile as mobile9_1_1_, contactdat1_.photo as photo10_1_1_, contactdat1_.work as work11_1_1_ from address_in_groups contacts0_ inner join addressbook contactdat1_ on contacts0_.id=contactdat1_.id where contacts0_.group_id=?
Hibernate: select contacts0_.group_id as group_id2_0_0_, contacts0_.id as id1_0_0_, contactdat1_.id as id1_1_1_, contactdat1_.address as address2_1_1_, contactdat1_.email as email3_1_1_, contactdat1_.email2 as email4_1_1_, contactdat1_.email3 as email5_1_1_, contactdat1_.firstname as firstnam6_1_1_, contactdat1_.home as home7_1_1_, contactdat1_.lastname as lastname8_1_1_, contactdat1_.mobile as mobile9_1_1_, contactdat1_.photo as photo10_1_1_, contactdat1_.work as work11_1_1_ from address_in_groups contacts0_ inner join addressbook contactdat1_ on contacts0_.id=contactdat1_.id where contacts0_.group_id=?
Hibernate: select contacts0_.group_id as group_id2_0_0_, contacts0_.id as id1_0_0_, contactdat1_.id as id1_1_1_, contactdat1_.address as address2_1_1_, contactdat1_.email as email3_1_1_, contactdat1_.email2 as email4_1_1_, contactdat1_.email3 as email5_1_1_, contactdat1_.firstname as firstnam6_1_1_, contactdat1_.home as home7_1_1_, contactdat1_.lastname as lastname8_1_1_, contactdat1_.mobile as mobile9_1_1_, contactdat1_.photo as photo10_1_1_, contactdat1_.work as work11_1_1_ from address_in_groups contacts0_ inner join addressbook contactdat1_ on contacts0_.id=contactdat1_.id where contacts0_.group_id=?
Hibernate: select contacts0_.group_id as group_id2_0_0_, contacts0_.id as id1_0_0_, contactdat1_.id as id1_1_1_, contactdat1_.address as address2_1_1_, contactdat1_.email as email3_1_1_, contactdat1_.email2 as email4_1_1_, contactdat1_.email3 as email5_1_1_, contactdat1_.firstname as firstnam6_1_1_, contactdat1_.home as home7_1_1_, contactdat1_.lastname as lastname8_1_1_, contactdat1_.mobile as mobile9_1_1_, contactdat1_.photo as photo10_1_1_, contactdat1_.work as work11_1_1_ from address_in_groups contacts0_ inner join addressbook contactdat1_ on contacts0_.id=contactdat1_.id where contacts0_.group_id=?
Hibernate: select contacts0_.group_id as group_id2_0_0_, contacts0_.id as id1_0_0_, contactdat1_.id as id1_1_1_, contactdat1_.address as address2_1_1_, contactdat1_.email as email3_1_1_, contactdat1_.email2 as email4_1_1_, contactdat1_.email3 as email5_1_1_, contactdat1_.firstname as firstnam6_1_1_, contactdat1_.home as home7_1_1_, contactdat1_.lastname as lastname8_1_1_, contactdat1_.mobile as mobile9_1_1_, contactdat1_.photo as photo10_1_1_, contactdat1_.work as work11_1_1_ from address_in_groups contacts0_ inner join addressbook contactdat1_ on contacts0_.id=contactdat1_.id where contacts0_.group_id=?
Hibernate: select contacts0_.group_id as group_id2_0_0_, contacts0_.id as id1_0_0_, contactdat1_.id as id1_1_1_, contactdat1_.address as address2_1_1_, contactdat1_.email as email3_1_1_, contactdat1_.email2 as email4_1_1_, contactdat1_.email3 as email5_1_1_, contactdat1_.firstname as firstnam6_1_1_, contactdat1_.home as home7_1_1_, contactdat1_.lastname as lastname8_1_1_, contactdat1_.mobile as mobile9_1_1_, contactdat1_.photo as photo10_1_1_, contactdat1_.work as work11_1_1_ from address_in_groups contacts0_ inner join addressbook contactdat1_ on contacts0_.id=contactdat1_.id where contacts0_.group_id=?
Hibernate: select contacts0_.group_id as group_id2_0_0_, contacts0_.id as id1_0_0_, contactdat1_.id as id1_1_1_, contactdat1_.address as address2_1_1_, contactdat1_.email as email3_1_1_, contactdat1_.email2 as email4_1_1_, contactdat1_.email3 as email5_1_1_, contactdat1_.firstname as firstnam6_1_1_, contactdat1_.home as home7_1_1_, contactdat1_.lastname as lastname8_1_1_, contactdat1_.mobile as mobile9_1_1_, contactdat1_.photo as photo10_1_1_, contactdat1_.work as work11_1_1_ from address_in_groups contacts0_ inner join addressbook contactdat1_ on contacts0_.id=contactdat1_.id where contacts0_.group_id=?
Hibernate: select contacts0_.group_id as group_id2_0_0_, contacts0_.id as id1_0_0_, contactdat1_.id as id1_1_1_, contactdat1_.address as address2_1_1_, contactdat1_.email as email3_1_1_, contactdat1_.email2 as email4_1_1_, contactdat1_.email3 as email5_1_1_, contactdat1_.firstname as firstnam6_1_1_, contactdat1_.home as home7_1_1_, contactdat1_.lastname as lastname8_1_1_, contactdat1_.mobile as mobile9_1_1_, contactdat1_.photo as photo10_1_1_, contactdat1_.work as work11_1_1_ from address_in_groups contacts0_ inner join addressbook contactdat1_ on contacts0_.id=contactdat1_.id where contacts0_.group_id=?
Hibernate: select contacts0_.group_id as group_id2_0_0_, contacts0_.id as id1_0_0_, contactdat1_.id as id1_1_1_, contactdat1_.address as address2_1_1_, contactdat1_.email as email3_1_1_, contactdat1_.email2 as email4_1_1_, contactdat1_.email3 as email5_1_1_, contactdat1_.firstname as firstnam6_1_1_, contactdat1_.home as home7_1_1_, contactdat1_.lastname as lastname8_1_1_, contactdat1_.mobile as mobile9_1_1_, contactdat1_.photo as photo10_1_1_, contactdat1_.work as work11_1_1_ from address_in_groups contacts0_ inner join addressbook contactdat1_ on contacts0_.id=contactdat1_.id where contacts0_.group_id=?
Hibernate: select contacts0_.group_id as group_id2_0_0_, contacts0_.id as id1_0_0_, contactdat1_.id as id1_1_1_, contactdat1_.address as address2_1_1_, contactdat1_.email as email3_1_1_, contactdat1_.email2 as email4_1_1_, contactdat1_.email3 as email5_1_1_, contactdat1_.firstname as firstnam6_1_1_, contactdat1_.home as home7_1_1_, contactdat1_.lastname as lastname8_1_1_, contactdat1_.mobile as mobile9_1_1_, contactdat1_.photo as photo10_1_1_, contactdat1_.work as work11_1_1_ from address_in_groups contacts0_ inner join addressbook contactdat1_ on contacts0_.id=contactdat1_.id where contacts0_.group_id=?
Hibernate: select contacts0_.group_id as group_id2_0_0_, contacts0_.id as id1_0_0_, contactdat1_.id as id1_1_1_, contactdat1_.address as address2_1_1_, contactdat1_.email as email3_1_1_, contactdat1_.email2 as email4_1_1_, contactdat1_.email3 as email5_1_1_, contactdat1_.firstname as firstnam6_1_1_, contactdat1_.home as home7_1_1_, contactdat1_.lastname as lastname8_1_1_, contactdat1_.mobile as mobile9_1_1_, contactdat1_.photo as photo10_1_1_, contactdat1_.work as work11_1_1_ from address_in_groups contacts0_ inner join addressbook contactdat1_ on contacts0_.id=contactdat1_.id where contacts0_.group_id=?
Hibernate: select contacts0_.group_id as group_id2_0_0_, contacts0_.id as id1_0_0_, contactdat1_.id as id1_1_1_, contactdat1_.address as address2_1_1_, contactdat1_.email as email3_1_1_, contactdat1_.email2 as email4_1_1_, contactdat1_.email3 as email5_1_1_, contactdat1_.firstname as firstnam6_1_1_, contactdat1_.home as home7_1_1_, contactdat1_.lastname as lastname8_1_1_, contactdat1_.mobile as mobile9_1_1_, contactdat1_.photo as photo10_1_1_, contactdat1_.work as work11_1_1_ from address_in_groups contacts0_ inner join addressbook contactdat1_ on contacts0_.id=contactdat1_.id where contacts0_.group_id=?
Hibernate: select contacts0_.group_id as group_id2_0_0_, contacts0_.id as id1_0_0_, contactdat1_.id as id1_1_1_, contactdat1_.address as address2_1_1_, contactdat1_.email as email3_1_1_, contactdat1_.email2 as email4_1_1_, contactdat1_.email3 as email5_1_1_, contactdat1_.firstname as firstnam6_1_1_, contactdat1_.home as home7_1_1_, contactdat1_.lastname as lastname8_1_1_, contactdat1_.mobile as mobile9_1_1_, contactdat1_.photo as photo10_1_1_, contactdat1_.work as work11_1_1_ from address_in_groups contacts0_ inner join addressbook contactdat1_ on contacts0_.id=contactdat1_.id where contacts0_.group_id=?
Hibernate: select contacts0_.group_id as group_id2_0_0_, contacts0_.id as id1_0_0_, contactdat1_.id as id1_1_1_, contactdat1_.address as address2_1_1_, contactdat1_.email as email3_1_1_, contactdat1_.email2 as email4_1_1_, contactdat1_.email3 as email5_1_1_, contactdat1_.firstname as firstnam6_1_1_, contactdat1_.home as home7_1_1_, contactdat1_.lastname as lastname8_1_1_, contactdat1_.mobile as mobile9_1_1_, contactdat1_.photo as photo10_1_1_, contactdat1_.work as work11_1_1_ from address_in_groups contacts0_ inner join addressbook contactdat1_ on contacts0_.id=contactdat1_.id where contacts0_.group_id=?
Hibernate: select contacts0_.group_id as group_id2_0_0_, contacts0_.id as id1_0_0_, contactdat1_.id as id1_1_1_, contactdat1_.address as address2_1_1_, contactdat1_.email as email3_1_1_, contactdat1_.email2 as email4_1_1_, contactdat1_.email3 as email5_1_1_, contactdat1_.firstname as firstnam6_1_1_, contactdat1_.home as home7_1_1_, contactdat1_.lastname as lastname8_1_1_, contactdat1_.mobile as mobile9_1_1_, contactdat1_.photo as photo10_1_1_, contactdat1_.work as work11_1_1_ from address_in_groups contacts0_ inner join addressbook contactdat1_ on contacts0_.id=contactdat1_.id where contacts0_.group_id=?
Hibernate: select contacts0_.group_id as group_id2_0_0_, contacts0_.id as id1_0_0_, contactdat1_.id as id1_1_1_, contactdat1_.address as address2_1_1_, contactdat1_.email as email3_1_1_, contactdat1_.email2 as email4_1_1_, contactdat1_.email3 as email5_1_1_, contactdat1_.firstname as firstnam6_1_1_, contactdat1_.home as home7_1_1_, contactdat1_.lastname as lastname8_1_1_, contactdat1_.mobile as mobile9_1_1_, contactdat1_.photo as photo10_1_1_, contactdat1_.work as work11_1_1_ from address_in_groups contacts0_ inner join addressbook contactdat1_ on contacts0_.id=contactdat1_.id where contacts0_.group_id=?
Hibernate: select contacts0_.group_id as group_id2_0_0_, contacts0_.id as id1_0_0_, contactdat1_.id as id1_1_1_, contactdat1_.address as address2_1_1_, contactdat1_.email as email3_1_1_, contactdat1_.email2 as email4_1_1_, contactdat1_.email3 as email5_1_1_, contactdat1_.firstname as firstnam6_1_1_, contactdat1_.home as home7_1_1_, contactdat1_.lastname as lastname8_1_1_, contactdat1_.mobile as mobile9_1_1_, contactdat1_.photo as photo10_1_1_, contactdat1_.work as work11_1_1_ from address_in_groups contacts0_ inner join addressbook contactdat1_ on contacts0_.id=contactdat1_.id where contacts0_.group_id=?
Hibernate: select contacts0_.group_id as group_id2_0_0_, contacts0_.id as id1_0_0_, contactdat1_.id as id1_1_1_, contactdat1_.address as address2_1_1_, contactdat1_.email as email3_1_1_, contactdat1_.email2 as email4_1_1_, contactdat1_.email3 as email5_1_1_, contactdat1_.firstname as firstnam6_1_1_, contactdat1_.home as home7_1_1_, contactdat1_.lastname as lastname8_1_1_, contactdat1_.mobile as mobile9_1_1_, contactdat1_.photo as photo10_1_1_, contactdat1_.work as work11_1_1_ from address_in_groups contacts0_ inner join addressbook contactdat1_ on contacts0_.id=contactdat1_.id where contacts0_.group_id=?
Hibernate: select contacts0_.group_id as group_id2_0_0_, contacts0_.id as id1_0_0_, contactdat1_.id as id1_1_1_, contactdat1_.address as address2_1_1_, contactdat1_.email as email3_1_1_, contactdat1_.email2 as email4_1_1_, contactdat1_.email3 as email5_1_1_, contactdat1_.firstname as firstnam6_1_1_, contactdat1_.home as home7_1_1_, contactdat1_.lastname as lastname8_1_1_, contactdat1_.mobile as mobile9_1_1_, contactdat1_.photo as photo10_1_1_, contactdat1_.work as work11_1_1_ from address_in_groups contacts0_ inner join addressbook contactdat1_ on contacts0_.id=contactdat1_.id where contacts0_.group_id=?
Hibernate: select contacts0_.group_id as group_id2_0_0_, contacts0_.id as id1_0_0_, contactdat1_.id as id1_1_1_, contactdat1_.address as address2_1_1_, contactdat1_.email as email3_1_1_, contactdat1_.email2 as email4_1_1_, contactdat1_.email3 as email5_1_1_, contactdat1_.firstname as firstnam6_1_1_, contactdat1_.home as home7_1_1_, contactdat1_.lastname as lastname8_1_1_, contactdat1_.mobile as mobile9_1_1_, contactdat1_.photo as photo10_1_1_, contactdat1_.work as work11_1_1_ from address_in_groups contacts0_ inner join addressbook contactdat1_ on contacts0_.id=contactdat1_.id where contacts0_.group_id=?
Hibernate: select contacts0_.group_id as group_id2_0_0_, contacts0_.id as id1_0_0_, contactdat1_.id as id1_1_1_, contactdat1_.address as address2_1_1_, contactdat1_.email as email3_1_1_, contactdat1_.email2 as email4_1_1_, contactdat1_.email3 as email5_1_1_, contactdat1_.firstname as firstnam6_1_1_, contactdat1_.home as home7_1_1_, contactdat1_.lastname as lastname8_1_1_, contactdat1_.mobile as mobile9_1_1_, contactdat1_.photo as photo10_1_1_, contactdat1_.work as work11_1_1_ from address_in_groups contacts0_ inner join addressbook contactdat1_ on contacts0_.id=contactdat1_.id where contacts0_.group_id=?
Hibernate: select contacts0_.group_id as group_id2_0_0_, contacts0_.id as id1_0_0_, contactdat1_.id as id1_1_1_, contactdat1_.address as address2_1_1_, contactdat1_.email as email3_1_1_, contactdat1_.email2 as email4_1_1_, contactdat1_.email3 as email5_1_1_, contactdat1_.firstname as firstnam6_1_1_, contactdat1_.home as home7_1_1_, contactdat1_.lastname as lastname8_1_1_, contactdat1_.mobile as mobile9_1_1_, contactdat1_.photo as photo10_1_1_, contactdat1_.work as work11_1_1_ from address_in_groups contacts0_ inner join addressbook contactdat1_ on contacts0_.id=contactdat1_.id where contacts0_.group_id=?
Hibernate: select groups0_.id as id1_0_0_, groups0_.group_id as group_id2_0_0_, groupdata1_.group_id as group_id1_2_1_, groupdata1_.group_footer as group_fo2_2_1_, groupdata1_.group_header as group_he3_2_1_, groupdata1_.group_name as group_na4_2_1_ from address_in_groups groups0_ inner join group_list groupdata1_ on groups0_.group_id=groupdata1_.group_id where groups0_.id=?
Hibernate: select groups0_.id as id1_0_0_, groups0_.group_id as group_id2_0_0_, groupdata1_.group_id as group_id1_2_1_, groupdata1_.group_footer as group_fo2_2_1_, groupdata1_.group_header as group_he3_2_1_, groupdata1_.group_name as group_na4_2_1_ from address_in_groups groups0_ inner join group_list groupdata1_ on groups0_.group_id=groupdata1_.group_id where groups0_.id=?
Hibernate: select groups0_.id as id1_0_0_, groups0_.group_id as group_id2_0_0_, groupdata1_.group_id as group_id1_2_1_, groupdata1_.group_footer as group_fo2_2_1_, groupdata1_.group_header as group_he3_2_1_, groupdata1_.group_name as group_na4_2_1_ from address_in_groups groups0_ inner join group_list groupdata1_ on groups0_.group_id=groupdata1_.group_id where groups0_.id=?
Hibernate: select groups0_.id as id1_0_0_, groups0_.group_id as group_id2_0_0_, groupdata1_.group_id as group_id1_2_1_, groupdata1_.group_footer as group_fo2_2_1_, groupdata1_.group_header as group_he3_2_1_, groupdata1_.group_name as group_na4_2_1_ from address_in_groups groups0_ inner join group_list groupdata1_ on groups0_.group_id=groupdata1_.group_id where groups0_.id=?
Hibernate: select groups0_.id as id1_0_0_, groups0_.group_id as group_id2_0_0_, groupdata1_.group_id as group_id1_2_1_, groupdata1_.group_footer as group_fo2_2_1_, groupdata1_.group_header as group_he3_2_1_, groupdata1_.group_name as group_na4_2_1_ from address_in_groups groups0_ inner join group_list groupdata1_ on groups0_.group_id=groupdata1_.group_id where groups0_.id=?
Hibernate: select contacts0_.group_id as group_id2_0_0_, contacts0_.id as id1_0_0_, contactdat1_.id as id1_1_1_, contactdat1_.address as address2_1_1_, contactdat1_.email as email3_1_1_, contactdat1_.email2 as email4_1_1_, contactdat1_.email3 as email5_1_1_, contactdat1_.firstname as firstnam6_1_1_, contactdat1_.home as home7_1_1_, contactdat1_.lastname as lastname8_1_1_, contactdat1_.mobile as mobile9_1_1_, contactdat1_.photo as photo10_1_1_, contactdat1_.work as work11_1_1_ from address_in_groups contacts0_ inner join addressbook contactdat1_ on contacts0_.id=contactdat1_.id where contacts0_.group_id=?
Hibernate: select contacts0_.group_id as group_id2_0_0_, contacts0_.id as id1_0_0_, contactdat1_.id as id1_1_1_, contactdat1_.address as address2_1_1_, contactdat1_.email as email3_1_1_, contactdat1_.email2 as email4_1_1_, contactdat1_.email3 as email5_1_1_, contactdat1_.firstname as firstnam6_1_1_, contactdat1_.home as home7_1_1_, contactdat1_.lastname as lastname8_1_1_, contactdat1_.mobile as mobile9_1_1_, contactdat1_.photo as photo10_1_1_, contactdat1_.work as work11_1_1_ from address_in_groups contacts0_ inner join addressbook contactdat1_ on contacts0_.id=contactdat1_.id where contacts0_.group_id=?
Hibernate: select contacts0_.group_id as group_id2_0_0_, contacts0_.id as id1_0_0_, contactdat1_.id as id1_1_1_, contactdat1_.address as address2_1_1_, contactdat1_.email as email3_1_1_, contactdat1_.email2 as email4_1_1_, contactdat1_.email3 as email5_1_1_, contactdat1_.firstname as firstnam6_1_1_, contactdat1_.home as home7_1_1_, contactdat1_.lastname as lastname8_1_1_, contactdat1_.mobile as mobile9_1_1_, contactdat1_.photo as photo10_1_1_, contactdat1_.work as work11_1_1_ from address_in_groups contacts0_ inner join addressbook contactdat1_ on contacts0_.id=contactdat1_.id where contacts0_.group_id=?
Hibernate: select contacts0_.group_id as group_id2_0_0_, contacts0_.id as id1_0_0_, contactdat1_.id as id1_1_1_, contactdat1_.address as address2_1_1_, contactdat1_.email as email3_1_1_, contactdat1_.email2 as email4_1_1_, contactdat1_.email3 as email5_1_1_, contactdat1_.firstname as firstnam6_1_1_, contactdat1_.home as home7_1_1_, contactdat1_.lastname as lastname8_1_1_, contactdat1_.mobile as mobile9_1_1_, contactdat1_.photo as photo10_1_1_, contactdat1_.work as work11_1_1_ from address_in_groups contacts0_ inner join addressbook contactdat1_ on contacts0_.id=contactdat1_.id where contacts0_.group_id=?
Hibernate: select contacts0_.group_id as group_id2_0_0_, contacts0_.id as id1_0_0_, contactdat1_.id as id1_1_1_, contactdat1_.address as address2_1_1_, contactdat1_.email as email3_1_1_, contactdat1_.email2 as email4_1_1_, contactdat1_.email3 as email5_1_1_, contactdat1_.firstname as firstnam6_1_1_, contactdat1_.home as home7_1_1_, contactdat1_.lastname as lastname8_1_1_, contactdat1_.mobile as mobile9_1_1_, contactdat1_.photo as photo10_1_1_, contactdat1_.work as work11_1_1_ from address_in_groups contacts0_ inner join addressbook contactdat1_ on contacts0_.id=contactdat1_.id where contacts0_.group_id=?
Hibernate: select contacts0_.group_id as group_id2_0_0_, contacts0_.id as id1_0_0_, contactdat1_.id as id1_1_1_, contactdat1_.address as address2_1_1_, contactdat1_.email as email3_1_1_, contactdat1_.email2 as email4_1_1_, contactdat1_.email3 as email5_1_1_, contactdat1_.firstname as firstnam6_1_1_, contactdat1_.home as home7_1_1_, contactdat1_.lastname as lastname8_1_1_, contactdat1_.mobile as mobile9_1_1_, contactdat1_.photo as photo10_1_1_, contactdat1_.work as work11_1_1_ from address_in_groups contacts0_ inner join addressbook contactdat1_ on contacts0_.id=contactdat1_.id where contacts0_.group_id=?
Hibernate: select contacts0_.group_id as group_id2_0_0_, contacts0_.id as id1_0_0_, contactdat1_.id as id1_1_1_, contactdat1_.address as address2_1_1_, contactdat1_.email as email3_1_1_, contactdat1_.email2 as email4_1_1_, contactdat1_.email3 as email5_1_1_, contactdat1_.firstname as firstnam6_1_1_, contactdat1_.home as home7_1_1_, contactdat1_.lastname as lastname8_1_1_, contactdat1_.mobile as mobile9_1_1_, contactdat1_.photo as photo10_1_1_, contactdat1_.work as work11_1_1_ from address_in_groups contacts0_ inner join addressbook contactdat1_ on contacts0_.id=contactdat1_.id where contacts0_.group_id=?
Hibernate: select contacts0_.group_id as group_id2_0_0_, contacts0_.id as id1_0_0_, contactdat1_.id as id1_1_1_, contactdat1_.address as address2_1_1_, contactdat1_.email as email3_1_1_, contactdat1_.email2 as email4_1_1_, contactdat1_.email3 as email5_1_1_, contactdat1_.firstname as firstnam6_1_1_, contactdat1_.home as home7_1_1_, contactdat1_.lastname as lastname8_1_1_, contactdat1_.mobile as mobile9_1_1_, contactdat1_.photo as photo10_1_1_, contactdat1_.work as work11_1_1_ from address_in_groups contacts0_ inner join addressbook contactdat1_ on contacts0_.id=contactdat1_.id where contacts0_.group_id=?
Hibernate: select contacts0_.group_id as group_id2_0_0_, contacts0_.id as id1_0_0_, contactdat1_.id as id1_1_1_, contactdat1_.address as address2_1_1_, contactdat1_.email as email3_1_1_, contactdat1_.email2 as email4_1_1_, contactdat1_.email3 as email5_1_1_, contactdat1_.firstname as firstnam6_1_1_, contactdat1_.home as home7_1_1_, contactdat1_.lastname as lastname8_1_1_, contactdat1_.mobile as mobile9_1_1_, contactdat1_.photo as photo10_1_1_, contactdat1_.work as work11_1_1_ from address_in_groups contacts0_ inner join addressbook contactdat1_ on contacts0_.id=contactdat1_.id where contacts0_.group_id=?
Hibernate: select contacts0_.group_id as group_id2_0_0_, contacts0_.id as id1_0_0_, contactdat1_.id as id1_1_1_, contactdat1_.address as address2_1_1_, contactdat1_.email as email3_1_1_, contactdat1_.email2 as email4_1_1_, contactdat1_.email3 as email5_1_1_, contactdat1_.firstname as firstnam6_1_1_, contactdat1_.home as home7_1_1_, contactdat1_.lastname as lastname8_1_1_, contactdat1_.mobile as mobile9_1_1_, contactdat1_.photo as photo10_1_1_, contactdat1_.work as work11_1_1_ from address_in_groups contacts0_ inner join addressbook contactdat1_ on contacts0_.id=contactdat1_.id where contacts0_.group_id=?
Hibernate: select contacts0_.group_id as group_id2_0_0_, contacts0_.id as id1_0_0_, contactdat1_.id as id1_1_1_, contactdat1_.address as address2_1_1_, contactdat1_.email as email3_1_1_, contactdat1_.email2 as email4_1_1_, contactdat1_.email3 as email5_1_1_, contactdat1_.firstname as firstnam6_1_1_, contactdat1_.home as home7_1_1_, contactdat1_.lastname as lastname8_1_1_, contactdat1_.mobile as mobile9_1_1_, contactdat1_.photo as photo10_1_1_, contactdat1_.work as work11_1_1_ from address_in_groups contacts0_ inner join addressbook contactdat1_ on contacts0_.id=contactdat1_.id where contacts0_.group_id=?
Hibernate: select contacts0_.group_id as group_id2_0_0_, contacts0_.id as id1_0_0_, contactdat1_.id as id1_1_1_, contactdat1_.address as address2_1_1_, contactdat1_.email as email3_1_1_, contactdat1_.email2 as email4_1_1_, contactdat1_.email3 as email5_1_1_, contactdat1_.firstname as firstnam6_1_1_, contactdat1_.home as home7_1_1_, contactdat1_.lastname as lastname8_1_1_, contactdat1_.mobile as mobile9_1_1_, contactdat1_.photo as photo10_1_1_, contactdat1_.work as work11_1_1_ from address_in_groups contacts0_ inner join addressbook contactdat1_ on contacts0_.id=contactdat1_.id where contacts0_.group_id=?
Hibernate: select contacts0_.group_id as group_id2_0_0_, contacts0_.id as id1_0_0_, contactdat1_.id as id1_1_1_, contactdat1_.address as address2_1_1_, contactdat1_.email as email3_1_1_, contactdat1_.email2 as email4_1_1_, contactdat1_.email3 as email5_1_1_, contactdat1_.firstname as firstnam6_1_1_, contactdat1_.home as home7_1_1_, contactdat1_.lastname as lastname8_1_1_, contactdat1_.mobile as mobile9_1_1_, contactdat1_.photo as photo10_1_1_, contactdat1_.work as work11_1_1_ from address_in_groups contacts0_ inner join addressbook contactdat1_ on contacts0_.id=contactdat1_.id where contacts0_.group_id=?
Hibernate: select contacts0_.group_id as group_id2_0_0_, contacts0_.id as id1_0_0_, contactdat1_.id as id1_1_1_, contactdat1_.address as address2_1_1_, contactdat1_.email as email3_1_1_, contactdat1_.email2 as email4_1_1_, contactdat1_.email3 as email5_1_1_, contactdat1_.firstname as firstnam6_1_1_, contactdat1_.home as home7_1_1_, contactdat1_.lastname as lastname8_1_1_, contactdat1_.mobile as mobile9_1_1_, contactdat1_.photo as photo10_1_1_, contactdat1_.work as work11_1_1_ from address_in_groups contacts0_ inner join addressbook contactdat1_ on contacts0_.id=contactdat1_.id where contacts0_.group_id=?
Hibernate: select contacts0_.group_id as group_id2_0_0_, contacts0_.id as id1_0_0_, contactdat1_.id as id1_1_1_, contactdat1_.address as address2_1_1_, contactdat1_.email as email3_1_1_, contactdat1_.email2 as email4_1_1_, contactdat1_.email3 as email5_1_1_, contactdat1_.firstname as firstnam6_1_1_, contactdat1_.home as home7_1_1_, contactdat1_.lastname as lastname8_1_1_, contactdat1_.mobile as mobile9_1_1_, contactdat1_.photo as photo10_1_1_, contactdat1_.work as work11_1_1_ from address_in_groups contacts0_ inner join addressbook contactdat1_ on contacts0_.id=contactdat1_.id where contacts0_.group_id=?
Hibernate: select contacts0_.group_id as group_id2_0_0_, contacts0_.id as id1_0_0_, contactdat1_.id as id1_1_1_, contactdat1_.address as address2_1_1_, contactdat1_.email as email3_1_1_, contactdat1_.email2 as email4_1_1_, contactdat1_.email3 as email5_1_1_, contactdat1_.firstname as firstnam6_1_1_, contactdat1_.home as home7_1_1_, contactdat1_.lastname as lastname8_1_1_, contactdat1_.mobile as mobile9_1_1_, contactdat1_.photo as photo10_1_1_, contactdat1_.work as work11_1_1_ from address_in_groups contacts0_ inner join addressbook contactdat1_ on contacts0_.id=contactdat1_.id where contacts0_.group_id=?
Hibernate: select contacts0_.group_id as group_id2_0_0_, contacts0_.id as id1_0_0_, contactdat1_.id as id1_1_1_, contactdat1_.address as address2_1_1_, contactdat1_.email as email3_1_1_, contactdat1_.email2 as email4_1_1_, contactdat1_.email3 as email5_1_1_, contactdat1_.firstname as firstnam6_1_1_, contactdat1_.home as home7_1_1_, contactdat1_.lastname as lastname8_1_1_, contactdat1_.mobile as mobile9_1_1_, contactdat1_.photo as photo10_1_1_, contactdat1_.work as work11_1_1_ from address_in_groups contacts0_ inner join addressbook contactdat1_ on contacts0_.id=contactdat1_.id where contacts0_.group_id=?
Hibernate: select contacts0_.group_id as group_id2_0_0_, contacts0_.id as id1_0_0_, contactdat1_.id as id1_1_1_, contactdat1_.address as address2_1_1_, contactdat1_.email as email3_1_1_, contactdat1_.email2 as email4_1_1_, contactdat1_.email3 as email5_1_1_, contactdat1_.firstname as firstnam6_1_1_, contactdat1_.home as home7_1_1_, contactdat1_.lastname as lastname8_1_1_, contactdat1_.mobile as mobile9_1_1_, contactdat1_.photo as photo10_1_1_, contactdat1_.work as work11_1_1_ from address_in_groups contacts0_ inner join addressbook contactdat1_ on contacts0_.id=contactdat1_.id where contacts0_.group_id=?
Hibernate: select contacts0_.group_id as group_id2_0_0_, contacts0_.id as id1_0_0_, contactdat1_.id as id1_1_1_, contactdat1_.address as address2_1_1_, contactdat1_.email as email3_1_1_, contactdat1_.email2 as email4_1_1_, contactdat1_.email3 as email5_1_1_, contactdat1_.firstname as firstnam6_1_1_, contactdat1_.home as home7_1_1_, contactdat1_.lastname as lastname8_1_1_, contactdat1_.mobile as mobile9_1_1_, contactdat1_.photo as photo10_1_1_, contactdat1_.work as work11_1_1_ from address_in_groups contacts0_ inner join addressbook contactdat1_ on contacts0_.id=contactdat1_.id where contacts0_.group_id=?
Hibernate: select contacts0_.group_id as group_id2_0_0_, contacts0_.id as id1_0_0_, contactdat1_.id as id1_1_1_, contactdat1_.address as address2_1_1_, contactdat1_.email as email3_1_1_, contactdat1_.email2 as email4_1_1_, contactdat1_.email3 as email5_1_1_, contactdat1_.firstname as firstnam6_1_1_, contactdat1_.home as home7_1_1_, contactdat1_.lastname as lastname8_1_1_, contactdat1_.mobile as mobile9_1_1_, contactdat1_.photo as photo10_1_1_, contactdat1_.work as work11_1_1_ from address_in_groups contacts0_ inner join addressbook contactdat1_ on contacts0_.id=contactdat1_.id where contacts0_.group_id=?
Hibernate: select contacts0_.group_id as group_id2_0_0_, contacts0_.id as id1_0_0_, contactdat1_.id as id1_1_1_, contactdat1_.address as address2_1_1_, contactdat1_.email as email3_1_1_, contactdat1_.email2 as email4_1_1_, contactdat1_.email3 as email5_1_1_, contactdat1_.firstname as firstnam6_1_1_, contactdat1_.home as home7_1_1_, contactdat1_.lastname as lastname8_1_1_, contactdat1_.mobile as mobile9_1_1_, contactdat1_.photo as photo10_1_1_, contactdat1_.work as work11_1_1_ from address_in_groups contacts0_ inner join addressbook contactdat1_ on contacts0_.id=contactdat1_.id where contacts0_.group_id=?
Hibernate: select contacts0_.group_id as group_id2_0_0_, contacts0_.id as id1_0_0_, contactdat1_.id as id1_1_1_, contactdat1_.address as address2_1_1_, contactdat1_.email as email3_1_1_, contactdat1_.email2 as email4_1_1_, contactdat1_.email3 as email5_1_1_, contactdat1_.firstname as firstnam6_1_1_, contactdat1_.home as home7_1_1_, contactdat1_.lastname as lastname8_1_1_, contactdat1_.mobile as mobile9_1_1_, contactdat1_.photo as photo10_1_1_, contactdat1_.work as work11_1_1_ from address_in_groups contacts0_ inner join addressbook contactdat1_ on contacts0_.id=contactdat1_.id where contacts0_.group_id=?
Hibernate: select contacts0_.group_id as group_id2_0_0_, contacts0_.id as id1_0_0_, contactdat1_.id as id1_1_1_, contactdat1_.address as address2_1_1_, contactdat1_.email as email3_1_1_, contactdat1_.email2 as email4_1_1_, contactdat1_.email3 as email5_1_1_, contactdat1_.firstname as firstnam6_1_1_, contactdat1_.home as home7_1_1_, contactdat1_.lastname as lastname8_1_1_, contactdat1_.mobile as mobile9_1_1_, contactdat1_.photo as photo10_1_1_, contactdat1_.work as work11_1_1_ from address_in_groups contacts0_ inner join addressbook contactdat1_ on contacts0_.id=contactdat1_.id where contacts0_.group_id=?
Hibernate: select contacts0_.group_id as group_id2_0_0_, contacts0_.id as id1_0_0_, contactdat1_.id as id1_1_1_, contactdat1_.address as address2_1_1_, contactdat1_.email as email3_1_1_, contactdat1_.email2 as email4_1_1_, contactdat1_.email3 as email5_1_1_, contactdat1_.firstname as firstnam6_1_1_, contactdat1_.home as home7_1_1_, contactdat1_.lastname as lastname8_1_1_, contactdat1_.mobile as mobile9_1_1_, contactdat1_.photo as photo10_1_1_, contactdat1_.work as work11_1_1_ from address_in_groups contacts0_ inner join addressbook contactdat1_ on contacts0_.id=contactdat1_.id where contacts0_.group_id=?
Hibernate: select contacts0_.group_id as group_id2_0_0_, contacts0_.id as id1_0_0_, contactdat1_.id as id1_1_1_, contactdat1_.address as address2_1_1_, contactdat1_.email as email3_1_1_, contactdat1_.email2 as email4_1_1_, contactdat1_.email3 as email5_1_1_, contactdat1_.firstname as firstnam6_1_1_, contactdat1_.home as home7_1_1_, contactdat1_.lastname as lastname8_1_1_, contactdat1_.mobile as mobile9_1_1_, contactdat1_.photo as photo10_1_1_, contactdat1_.work as work11_1_1_ from address_in_groups contacts0_ inner join addressbook contactdat1_ on contacts0_.id=contactdat1_.id where contacts0_.group_id=?
Hibernate: select contacts0_.group_id as group_id2_0_0_, contacts0_.id as id1_0_0_, contactdat1_.id as id1_1_1_, contactdat1_.address as address2_1_1_, contactdat1_.email as email3_1_1_, contactdat1_.email2 as email4_1_1_, contactdat1_.email3 as email5_1_1_, contactdat1_.firstname as firstnam6_1_1_, contactdat1_.home as home7_1_1_, contactdat1_.lastname as lastname8_1_1_, contactdat1_.mobile as mobile9_1_1_, contactdat1_.photo as photo10_1_1_, contactdat1_.work as work11_1_1_ from address_in_groups contacts0_ inner join addressbook contactdat1_ on contacts0_.id=contactdat1_.id where contacts0_.group_id=?
Hibernate: select contacts0_.group_id as group_id2_0_0_, contacts0_.id as id1_0_0_, contactdat1_.id as id1_1_1_, contactdat1_.address as address2_1_1_, contactdat1_.email as email3_1_1_, contactdat1_.email2 as email4_1_1_, contactdat1_.email3 as email5_1_1_, contactdat1_.firstname as firstnam6_1_1_, contactdat1_.home as home7_1_1_, contactdat1_.lastname as lastname8_1_1_, contactdat1_.mobile as mobile9_1_1_, contactdat1_.photo as photo10_1_1_, contactdat1_.work as work11_1_1_ from address_in_groups contacts0_ inner join addressbook contactdat1_ on contacts0_.id=contactdat1_.id where contacts0_.group_id=?
Hibernate: select contacts0_.group_id as group_id2_0_0_, contacts0_.id as id1_0_0_, contactdat1_.id as id1_1_1_, contactdat1_.address as address2_1_1_, contactdat1_.email as email3_1_1_, contactdat1_.email2 as email4_1_1_, contactdat1_.email3 as email5_1_1_, contactdat1_.firstname as firstnam6_1_1_, contactdat1_.home as home7_1_1_, contactdat1_.lastname as lastname8_1_1_, contactdat1_.mobile as mobile9_1_1_, contactdat1_.photo as photo10_1_1_, contactdat1_.work as work11_1_1_ from address_in_groups contacts0_ inner join addressbook contactdat1_ on contacts0_.id=contactdat1_.id where contacts0_.group_id=?
Hibernate: select contacts0_.group_id as group_id2_0_0_, contacts0_.id as id1_0_0_, contactdat1_.id as id1_1_1_, contactdat1_.address as address2_1_1_, contactdat1_.email as email3_1_1_, contactdat1_.email2 as email4_1_1_, contactdat1_.email3 as email5_1_1_, contactdat1_.firstname as firstnam6_1_1_, contactdat1_.home as home7_1_1_, contactdat1_.lastname as lastname8_1_1_, contactdat1_.mobile as mobile9_1_1_, contactdat1_.photo as photo10_1_1_, contactdat1_.work as work11_1_1_ from address_in_groups contacts0_ inner join addressbook contactdat1_ on contacts0_.id=contactdat1_.id where contacts0_.group_id=?
Hibernate: select contacts0_.group_id as group_id2_0_0_, contacts0_.id as id1_0_0_, contactdat1_.id as id1_1_1_, contactdat1_.address as address2_1_1_, contactdat1_.email as email3_1_1_, contactdat1_.email2 as email4_1_1_, contactdat1_.email3 as email5_1_1_, contactdat1_.firstname as firstnam6_1_1_, contactdat1_.home as home7_1_1_, contactdat1_.lastname as lastname8_1_1_, contactdat1_.mobile as mobile9_1_1_, contactdat1_.photo as photo10_1_1_, contactdat1_.work as work11_1_1_ from address_in_groups contacts0_ inner join addressbook contactdat1_ on contacts0_.id=contactdat1_.id where contacts0_.group_id=?
Hibernate: select contacts0_.group_id as group_id2_0_0_, contacts0_.id as id1_0_0_, contactdat1_.id as id1_1_1_, contactdat1_.address as address2_1_1_, contactdat1_.email as email3_1_1_, contactdat1_.email2 as email4_1_1_, contactdat1_.email3 as email5_1_1_, contactdat1_.firstname as firstnam6_1_1_, contactdat1_.home as home7_1_1_, contactdat1_.lastname as lastname8_1_1_, contactdat1_.mobile as mobile9_1_1_, contactdat1_.photo as photo10_1_1_, contactdat1_.work as work11_1_1_ from address_in_groups contacts0_ inner join addressbook contactdat1_ on contacts0_.id=contactdat1_.id where contacts0_.group_id=?
Hibernate: select contacts0_.group_id as group_id2_0_0_, contacts0_.id as id1_0_0_, contactdat1_.id as id1_1_1_, contactdat1_.address as address2_1_1_, contactdat1_.email as email3_1_1_, contactdat1_.email2 as email4_1_1_, contactdat1_.email3 as email5_1_1_, contactdat1_.firstname as firstnam6_1_1_, contactdat1_.home as home7_1_1_, contactdat1_.lastname as lastname8_1_1_, contactdat1_.mobile as mobile9_1_1_, contactdat1_.photo as photo10_1_1_, contactdat1_.work as work11_1_1_ from address_in_groups contacts0_ inner join addressbook contactdat1_ on contacts0_.id=contactdat1_.id where contacts0_.group_id=?
Hibernate: select contacts0_.group_id as group_id2_0_0_, contacts0_.id as id1_0_0_, contactdat1_.id as id1_1_1_, contactdat1_.address as address2_1_1_, contactdat1_.email as email3_1_1_, contactdat1_.email2 as email4_1_1_, contactdat1_.email3 as email5_1_1_, contactdat1_.firstname as firstnam6_1_1_, contactdat1_.home as home7_1_1_, contactdat1_.lastname as lastname8_1_1_, contactdat1_.mobile as mobile9_1_1_, contactdat1_.photo as photo10_1_1_, contactdat1_.work as work11_1_1_ from address_in_groups contacts0_ inner join addressbook contactdat1_ on contacts0_.id=contactdat1_.id where contacts0_.group_id=?
Hibernate: select contacts0_.group_id as group_id2_0_0_, contacts0_.id as id1_0_0_, contactdat1_.id as id1_1_1_, contactdat1_.address as address2_1_1_, contactdat1_.email as email3_1_1_, contactdat1_.email2 as email4_1_1_, contactdat1_.email3 as email5_1_1_, contactdat1_.firstname as firstnam6_1_1_, contactdat1_.home as home7_1_1_, contactdat1_.lastname as lastname8_1_1_, contactdat1_.mobile as mobile9_1_1_, contactdat1_.photo as photo10_1_1_, contactdat1_.work as work11_1_1_ from address_in_groups contacts0_ inner join addressbook contactdat1_ on contacts0_.id=contactdat1_.id where contacts0_.group_id=?
Hibernate: select contacts0_.group_id as group_id2_0_0_, contacts0_.id as id1_0_0_, contactdat1_.id as id1_1_1_, contactdat1_.address as address2_1_1_, contactdat1_.email as email3_1_1_, contactdat1_.email2 as email4_1_1_, contactdat1_.email3 as email5_1_1_, contactdat1_.firstname as firstnam6_1_1_, contactdat1_.home as home7_1_1_, contactdat1_.lastname as lastname8_1_1_, contactdat1_.mobile as mobile9_1_1_, contactdat1_.photo as photo10_1_1_, contactdat1_.work as work11_1_1_ from address_in_groups contacts0_ inner join addressbook contactdat1_ on contacts0_.id=contactdat1_.id where contacts0_.group_id=?
Hibernate: select contacts0_.group_id as group_id2_0_0_, contacts0_.id as id1_0_0_, contactdat1_.id as id1_1_1_, contactdat1_.address as address2_1_1_, contactdat1_.email as email3_1_1_, contactdat1_.email2 as email4_1_1_, contactdat1_.email3 as email5_1_1_, contactdat1_.firstname as firstnam6_1_1_, contactdat1_.home as home7_1_1_, contactdat1_.lastname as lastname8_1_1_, contactdat1_.mobile as mobile9_1_1_, contactdat1_.photo as photo10_1_1_, contactdat1_.work as work11_1_1_ from address_in_groups contacts0_ inner join addressbook contactdat1_ on contacts0_.id=contactdat1_.id where contacts0_.group_id=?
Hibernate: select contacts0_.group_id as group_id2_0_0_, contacts0_.id as id1_0_0_, contactdat1_.id as id1_1_1_, contactdat1_.address as address2_1_1_, contactdat1_.email as email3_1_1_, contactdat1_.email2 as email4_1_1_, contactdat1_.email3 as email5_1_1_, contactdat1_.firstname as firstnam6_1_1_, contactdat1_.home as home7_1_1_, contactdat1_.lastname as lastname8_1_1_, contactdat1_.mobile as mobile9_1_1_, contactdat1_.photo as photo10_1_1_, contactdat1_.work as work11_1_1_ from address_in_groups contacts0_ inner join addressbook contactdat1_ on contacts0_.id=contactdat1_.id where contacts0_.group_id=?
Hibernate: select contacts0_.group_id as group_id2_0_0_, contacts0_.id as id1_0_0_, contactdat1_.id as id1_1_1_, contactdat1_.address as address2_1_1_, contactdat1_.email as email3_1_1_, contactdat1_.email2 as email4_1_1_, contactdat1_.email3 as email5_1_1_, contactdat1_.firstname as firstnam6_1_1_, contactdat1_.home as home7_1_1_, contactdat1_.lastname as lastname8_1_1_, contactdat1_.mobile as mobile9_1_1_, contactdat1_.photo as photo10_1_1_, contactdat1_.work as work11_1_1_ from address_in_groups contacts0_ inner join addressbook contactdat1_ on contacts0_.id=contactdat1_.id where contacts0_.group_id=?
Hibernate: select contacts0_.group_id as group_id2_0_0_, contacts0_.id as id1_0_0_, contactdat1_.id as id1_1_1_, contactdat1_.address as address2_1_1_, contactdat1_.email as email3_1_1_, contactdat1_.email2 as email4_1_1_, contactdat1_.email3 as email5_1_1_, contactdat1_.firstname as firstnam6_1_1_, contactdat1_.home as home7_1_1_, contactdat1_.lastname as lastname8_1_1_, contactdat1_.mobile as mobile9_1_1_, contactdat1_.photo as photo10_1_1_, contactdat1_.work as work11_1_1_ from address_in_groups contacts0_ inner join addressbook contactdat1_ on contacts0_.id=contactdat1_.id where contacts0_.group_id=?
Hibernate: select contacts0_.group_id as group_id2_0_0_, contacts0_.id as id1_0_0_, contactdat1_.id as id1_1_1_, contactdat1_.address as address2_1_1_, contactdat1_.email as email3_1_1_, contactdat1_.email2 as email4_1_1_, contactdat1_.email3 as email5_1_1_, contactdat1_.firstname as firstnam6_1_1_, contactdat1_.home as home7_1_1_, contactdat1_.lastname as lastname8_1_1_, contactdat1_.mobile as mobile9_1_1_, contactdat1_.photo as photo10_1_1_, contactdat1_.work as work11_1_1_ from address_in_groups contacts0_ inner join addressbook contactdat1_ on contacts0_.id=contactdat1_.id where contacts0_.group_id=?
Hibernate: select contacts0_.group_id as group_id2_0_0_, contacts0_.id as id1_0_0_, contactdat1_.id as id1_1_1_, contactdat1_.address as address2_1_1_, contactdat1_.email as email3_1_1_, contactdat1_.email2 as email4_1_1_, contactdat1_.email3 as email5_1_1_, contactdat1_.firstname as firstnam6_1_1_, contactdat1_.home as home7_1_1_, contactdat1_.lastname as lastname8_1_1_, contactdat1_.mobile as mobile9_1_1_, contactdat1_.photo as photo10_1_1_, contactdat1_.work as work11_1_1_ from address_in_groups contacts0_ inner join addressbook contactdat1_ on contacts0_.id=contactdat1_.id where contacts0_.group_id=?
Hibernate: select contacts0_.group_id as group_id2_0_0_, contacts0_.id as id1_0_0_, contactdat1_.id as id1_1_1_, contactdat1_.address as address2_1_1_, contactdat1_.email as email3_1_1_, contactdat1_.email2 as email4_1_1_, contactdat1_.email3 as email5_1_1_, contactdat1_.firstname as firstnam6_1_1_, contactdat1_.home as home7_1_1_, contactdat1_.lastname as lastname8_1_1_, contactdat1_.mobile as mobile9_1_1_, contactdat1_.photo as photo10_1_1_, contactdat1_.work as work11_1_1_ from address_in_groups contacts0_ inner join addressbook contactdat1_ on contacts0_.id=contactdat1_.id where contacts0_.group_id=?
Hibernate: select contacts0_.group_id as group_id2_0_0_, contacts0_.id as id1_0_0_, contactdat1_.id as id1_1_1_, contactdat1_.address as address2_1_1_, contactdat1_.email as email3_1_1_, contactdat1_.email2 as email4_1_1_, contactdat1_.email3 as email5_1_1_, contactdat1_.firstname as firstnam6_1_1_, contactdat1_.home as home7_1_1_, contactdat1_.lastname as lastname8_1_1_, contactdat1_.mobile as mobile9_1_1_, contactdat1_.photo as photo10_1_1_, contactdat1_.work as work11_1_1_ from address_in_groups contacts0_ inner join addressbook contactdat1_ on contacts0_.id=contactdat1_.id where contacts0_.group_id=?
Hibernate: select contacts0_.group_id as group_id2_0_0_, contacts0_.id as id1_0_0_, contactdat1_.id as id1_1_1_, contactdat1_.address as address2_1_1_, contactdat1_.email as email3_1_1_, contactdat1_.email2 as email4_1_1_, contactdat1_.email3 as email5_1_1_, contactdat1_.firstname as firstnam6_1_1_, contactdat1_.home as home7_1_1_, contactdat1_.lastname as lastname8_1_1_, contactdat1_.mobile as mobile9_1_1_, contactdat1_.photo as photo10_1_1_, contactdat1_.work as work11_1_1_ from address_in_groups contacts0_ inner join addressbook contactdat1_ on contacts0_.id=contactdat1_.id where contacts0_.group_id=?
Hibernate: select contacts0_.group_id as group_id2_0_0_, contacts0_.id as id1_0_0_, contactdat1_.id as id1_1_1_, contactdat1_.address as address2_1_1_, contactdat1_.email as email3_1_1_, contactdat1_.email2 as email4_1_1_, contactdat1_.email3 as email5_1_1_, contactdat1_.firstname as firstnam6_1_1_, contactdat1_.home as home7_1_1_, contactdat1_.lastname as lastname8_1_1_, contactdat1_.mobile as mobile9_1_1_, contactdat1_.photo as photo10_1_1_, contactdat1_.work as work11_1_1_ from address_in_groups contacts0_ inner join addressbook contactdat1_ on contacts0_.id=contactdat1_.id where contacts0_.group_id=?
Hibernate: select contacts0_.group_id as group_id2_0_0_, contacts0_.id as id1_0_0_, contactdat1_.id as id1_1_1_, contactdat1_.address as address2_1_1_, contactdat1_.email as email3_1_1_, contactdat1_.email2 as email4_1_1_, contactdat1_.email3 as email5_1_1_, contactdat1_.firstname as firstnam6_1_1_, contactdat1_.home as home7_1_1_, contactdat1_.lastname as lastname8_1_1_, contactdat1_.mobile as mobile9_1_1_, contactdat1_.photo as photo10_1_1_, contactdat1_.work as work11_1_1_ from address_in_groups contacts0_ inner join addressbook contactdat1_ on contacts0_.id=contactdat1_.id where contacts0_.group_id=?
Hibernate: select contacts0_.group_id as group_id2_0_0_, contacts0_.id as id1_0_0_, contactdat1_.id as id1_1_1_, contactdat1_.address as address2_1_1_, contactdat1_.email as email3_1_1_, contactdat1_.email2 as email4_1_1_, contactdat1_.email3 as email5_1_1_, contactdat1_.firstname as firstnam6_1_1_, contactdat1_.home as home7_1_1_, contactdat1_.lastname as lastname8_1_1_, contactdat1_.mobile as mobile9_1_1_, contactdat1_.photo as photo10_1_1_, contactdat1_.work as work11_1_1_ from address_in_groups contacts0_ inner join addressbook contactdat1_ on contacts0_.id=contactdat1_.id where contacts0_.group_id=?
Hibernate: select contacts0_.group_id as group_id2_0_0_, contacts0_.id as id1_0_0_, contactdat1_.id as id1_1_1_, contactdat1_.address as address2_1_1_, contactdat1_.email as email3_1_1_, contactdat1_.email2 as email4_1_1_, contactdat1_.email3 as email5_1_1_, contactdat1_.firstname as firstnam6_1_1_, contactdat1_.home as home7_1_1_, contactdat1_.lastname as lastname8_1_1_, contactdat1_.mobile as mobile9_1_1_, contactdat1_.photo as photo10_1_1_, contactdat1_.work as work11_1_1_ from address_in_groups contacts0_ inner join addressbook contactdat1_ on contacts0_.id=contactdat1_.id where contacts0_.group_id=?
Hibernate: select contacts0_.group_id as group_id2_0_0_, contacts0_.id as id1_0_0_, contactdat1_.id as id1_1_1_, contactdat1_.address as address2_1_1_, contactdat1_.email as email3_1_1_, contactdat1_.email2 as email4_1_1_, contactdat1_.email3 as email5_1_1_, contactdat1_.firstname as firstnam6_1_1_, contactdat1_.home as home7_1_1_, contactdat1_.lastname as lastname8_1_1_, contactdat1_.mobile as mobile9_1_1_, contactdat1_.photo as photo10_1_1_, contactdat1_.work as work11_1_1_ from address_in_groups contacts0_ inner join addressbook contactdat1_ on contacts0_.id=contactdat1_.id where contacts0_.group_id=?
Hibernate: select contacts0_.group_id as group_id2_0_0_, contacts0_.id as id1_0_0_, contactdat1_.id as id1_1_1_, contactdat1_.address as address2_1_1_, contactdat1_.email as email3_1_1_, contactdat1_.email2 as email4_1_1_, contactdat1_.email3 as email5_1_1_, contactdat1_.firstname as firstnam6_1_1_, contactdat1_.home as home7_1_1_, contactdat1_.lastname as lastname8_1_1_, contactdat1_.mobile as mobile9_1_1_, contactdat1_.photo as photo10_1_1_, contactdat1_.work as work11_1_1_ from address_in_groups contacts0_ inner join addressbook contactdat1_ on contacts0_.id=contactdat1_.id where contacts0_.group_id=?
Hibernate: select contacts0_.group_id as group_id2_0_0_, contacts0_.id as id1_0_0_, contactdat1_.id as id1_1_1_, contactdat1_.address as address2_1_1_, contactdat1_.email as email3_1_1_, contactdat1_.email2 as email4_1_1_, contactdat1_.email3 as email5_1_1_, contactdat1_.firstname as firstnam6_1_1_, contactdat1_.home as home7_1_1_, contactdat1_.lastname as lastname8_1_1_, contactdat1_.mobile as mobile9_1_1_, contactdat1_.photo as photo10_1_1_, contactdat1_.work as work11_1_1_ from address_in_groups contacts0_ inner join addressbook contactdat1_ on contacts0_.id=contactdat1_.id where contacts0_.group_id=?
Hibernate: select contacts0_.group_id as group_id2_0_0_, contacts0_.id as id1_0_0_, contactdat1_.id as id1_1_1_, contactdat1_.address as address2_1_1_, contactdat1_.email as email3_1_1_, contactdat1_.email2 as email4_1_1_, contactdat1_.email3 as email5_1_1_, contactdat1_.firstname as firstnam6_1_1_, contactdat1_.home as home7_1_1_, contactdat1_.lastname as lastname8_1_1_, contactdat1_.mobile as mobile9_1_1_, contactdat1_.photo as photo10_1_1_, contactdat1_.work as work11_1_1_ from address_in_groups contacts0_ inner join addressbook contactdat1_ on contacts0_.id=contactdat1_.id where contacts0_.group_id=?
Hibernate: select contacts0_.group_id as group_id2_0_0_, contacts0_.id as id1_0_0_, contactdat1_.id as id1_1_1_, contactdat1_.address as address2_1_1_, contactdat1_.email as email3_1_1_, contactdat1_.email2 as email4_1_1_, contactdat1_.email3 as email5_1_1_, contactdat1_.firstname as firstnam6_1_1_, contactdat1_.home as home7_1_1_, contactdat1_.lastname as lastname8_1_1_, contactdat1_.mobile as mobile9_1_1_, contactdat1_.photo as photo10_1_1_, contactdat1_.work as work11_1_1_ from address_in_groups contacts0_ inner join addressbook contactdat1_ on contacts0_.id=contactdat1_.id where contacts0_.group_id=?
Hibernate: select contacts0_.group_id as group_id2_0_0_, contacts0_.id as id1_0_0_, contactdat1_.id as id1_1_1_, contactdat1_.address as address2_1_1_, contactdat1_.email as email3_1_1_, contactdat1_.email2 as email4_1_1_, contactdat1_.email3 as email5_1_1_, contactdat1_.firstname as firstnam6_1_1_, contactdat1_.home as home7_1_1_, contactdat1_.lastname as lastname8_1_1_, contactdat1_.mobile as mobile9_1_1_, contactdat1_.photo as photo10_1_1_, contactdat1_.work as work11_1_1_ from address_in_groups contacts0_ inner join addressbook contactdat1_ on contacts0_.id=contactdat1_.id where contacts0_.group_id=?
Hibernate: select contacts0_.group_id as group_id2_0_0_, contacts0_.id as id1_0_0_, contactdat1_.id as id1_1_1_, contactdat1_.address as address2_1_1_, contactdat1_.email as email3_1_1_, contactdat1_.email2 as email4_1_1_, contactdat1_.email3 as email5_1_1_, contactdat1_.firstname as firstnam6_1_1_, contactdat1_.home as home7_1_1_, contactdat1_.lastname as lastname8_1_1_, contactdat1_.mobile as mobile9_1_1_, contactdat1_.photo as photo10_1_1_, contactdat1_.work as work11_1_1_ from address_in_groups contacts0_ inner join addressbook contactdat1_ on contacts0_.id=contactdat1_.id where contacts0_.group_id=?
Hibernate: select contacts0_.group_id as group_id2_0_0_, contacts0_.id as id1_0_0_, contactdat1_.id as id1_1_1_, contactdat1_.address as address2_1_1_, contactdat1_.email as email3_1_1_, contactdat1_.email2 as email4_1_1_, contactdat1_.email3 as email5_1_1_, contactdat1_.firstname as firstnam6_1_1_, contactdat1_.home as home7_1_1_, contactdat1_.lastname as lastname8_1_1_, contactdat1_.mobile as mobile9_1_1_, contactdat1_.photo as photo10_1_1_, contactdat1_.work as work11_1_1_ from address_in_groups contacts0_ inner join addressbook contactdat1_ on contacts0_.id=contactdat1_.id where contacts0_.group_id=?
Hibernate: select contacts0_.group_id as group_id2_0_0_, contacts0_.id as id1_0_0_, contactdat1_.id as id1_1_1_, contactdat1_.address as address2_1_1_, contactdat1_.email as email3_1_1_, contactdat1_.email2 as email4_1_1_, contactdat1_.email3 as email5_1_1_, contactdat1_.firstname as firstnam6_1_1_, contactdat1_.home as home7_1_1_, contactdat1_.lastname as lastname8_1_1_, contactdat1_.mobile as mobile9_1_1_, contactdat1_.photo as photo10_1_1_, contactdat1_.work as work11_1_1_ from address_in_groups contacts0_ inner join addressbook contactdat1_ on contacts0_.id=contactdat1_.id where contacts0_.group_id=?
Hibernate: select contacts0_.group_id as group_id2_0_0_, contacts0_.id as id1_0_0_, contactdat1_.id as id1_1_1_, contactdat1_.address as address2_1_1_, contactdat1_.email as email3_1_1_, contactdat1_.email2 as email4_1_1_, contactdat1_.email3 as email5_1_1_, contactdat1_.firstname as firstnam6_1_1_, contactdat1_.home as home7_1_1_, contactdat1_.lastname as lastname8_1_1_, contactdat1_.mobile as mobile9_1_1_, contactdat1_.photo as photo10_1_1_, contactdat1_.work as work11_1_1_ from address_in_groups contacts0_ inner join addressbook contactdat1_ on contacts0_.id=contactdat1_.id where contacts0_.group_id=?
Hibernate: select contacts0_.group_id as group_id2_0_0_, contacts0_.id as id1_0_0_, contactdat1_.id as id1_1_1_, contactdat1_.address as address2_1_1_, contactdat1_.email as email3_1_1_, contactdat1_.email2 as email4_1_1_, contactdat1_.email3 as email5_1_1_, contactdat1_.firstname as firstnam6_1_1_, contactdat1_.home as home7_1_1_, contactdat1_.lastname as lastname8_1_1_, contactdat1_.mobile as mobile9_1_1_, contactdat1_.photo as photo10_1_1_, contactdat1_.work as work11_1_1_ from address_in_groups contacts0_ inner join addressbook contactdat1_ on contacts0_.id=contactdat1_.id where contacts0_.group_id=?
Hibernate: select contacts0_.group_id as group_id2_0_0_, contacts0_.id as id1_0_0_, contactdat1_.id as id1_1_1_, contactdat1_.address as address2_1_1_, contactdat1_.email as email3_1_1_, contactdat1_.email2 as email4_1_1_, contactdat1_.email3 as email5_1_1_, contactdat1_.firstname as firstnam6_1_1_, contactdat1_.home as home7_1_1_, contactdat1_.lastname as lastname8_1_1_, contactdat1_.mobile as mobile9_1_1_, contactdat1_.photo as photo10_1_1_, contactdat1_.work as work11_1_1_ from address_in_groups contacts0_ inner join addressbook contactdat1_ on contacts0_.id=contactdat1_.id where contacts0_.group_id=?
Hibernate: select contacts0_.group_id as group_id2_0_0_, contacts0_.id as id1_0_0_, contactdat1_.id as id1_1_1_, contactdat1_.address as address2_1_1_, contactdat1_.email as email3_1_1_, contactdat1_.email2 as email4_1_1_, contactdat1_.email3 as email5_1_1_, contactdat1_.firstname as firstnam6_1_1_, contactdat1_.home as home7_1_1_, contactdat1_.lastname as lastname8_1_1_, contactdat1_.mobile as mobile9_1_1_, contactdat1_.photo as photo10_1_1_, contactdat1_.work as work11_1_1_ from address_in_groups contacts0_ inner join addressbook contactdat1_ on contacts0_.id=contactdat1_.id where contacts0_.group_id=?
Hibernate: select contacts0_.group_id as group_id2_0_0_, contacts0_.id as id1_0_0_, contactdat1_.id as id1_1_1_, contactdat1_.address as address2_1_1_, contactdat1_.email as email3_1_1_, contactdat1_.email2 as email4_1_1_, contactdat1_.email3 as email5_1_1_, contactdat1_.firstname as firstnam6_1_1_, contactdat1_.home as home7_1_1_, contactdat1_.lastname as lastname8_1_1_, contactdat1_.mobile as mobile9_1_1_, contactdat1_.photo as photo10_1_1_, contactdat1_.work as work11_1_1_ from address_in_groups contacts0_ inner join addressbook contactdat1_ on contacts0_.id=contactdat1_.id where contacts0_.group_id=?
Hibernate: select groups0_.id as id1_0_0_, groups0_.group_id as group_id2_0_0_, groupdata1_.group_id as group_id1_2_1_, groupdata1_.group_footer as group_fo2_2_1_, groupdata1_.group_header as group_he3_2_1_, groupdata1_.group_name as group_na4_2_1_ from address_in_groups groups0_ inner join group_list groupdata1_ on groups0_.group_id=groupdata1_.group_id where groups0_.id=?
Hibernate: select groups0_.id as id1_0_0_, groups0_.group_id as group_id2_0_0_, groupdata1_.group_id as group_id1_2_1_, groupdata1_.group_footer as group_fo2_2_1_, groupdata1_.group_header as group_he3_2_1_, groupdata1_.group_name as group_na4_2_1_ from address_in_groups groups0_ inner join group_list groupdata1_ on groups0_.group_id=groupdata1_.group_id where groups0_.id=?
Hibernate: select groups0_.id as id1_0_0_, groups0_.group_id as group_id2_0_0_, groupdata1_.group_id as group_id1_2_1_, groupdata1_.group_footer as group_fo2_2_1_, groupdata1_.group_header as group_he3_2_1_, groupdata1_.group_name as group_na4_2_1_ from address_in_groups groups0_ inner join group_list groupdata1_ on groups0_.group_id=groupdata1_.group_id where groups0_.id=?
Hibernate: select groups0_.id as id1_0_0_, groups0_.group_id as group_id2_0_0_, groupdata1_.group_id as group_id1_2_1_, groupdata1_.group_footer as group_fo2_2_1_, groupdata1_.group_header as group_he3_2_1_, groupdata1_.group_name as group_na4_2_1_ from address_in_groups groups0_ inner join group_list groupdata1_ on groups0_.group_id=groupdata1_.group_id where groups0_.id=?
Hibernate: select groups0_.id as id1_0_0_, groups0_.group_id as group_id2_0_0_, groupdata1_.group_id as group_id1_2_1_, groupdata1_.group_footer as group_fo2_2_1_, groupdata1_.group_header as group_he3_2_1_, groupdata1_.group_name as group_na4_2_1_ from address_in_groups groups0_ inner join group_list groupdata1_ on groups0_.group_id=groupdata1_.group_id where groups0_.id=?
Hibernate: select groups0_.id as id1_0_0_, groups0_.group_id as group_id2_0_0_, groupdata1_.group_id as group_id1_2_1_, groupdata1_.group_footer as group_fo2_2_1_, groupdata1_.group_header as group_he3_2_1_, groupdata1_.group_name as group_na4_2_1_ from address_in_groups groups0_ inner join group_list groupdata1_ on groups0_.group_id=groupdata1_.group_id where groups0_.id=?
Hibernate: select groups0_.id as id1_0_0_, groups0_.group_id as group_id2_0_0_, groupdata1_.group_id as group_id1_2_1_, groupdata1_.group_footer as group_fo2_2_1_, groupdata1_.group_header as group_he3_2_1_, groupdata1_.group_name as group_na4_2_1_ from address_in_groups groups0_ inner join group_list groupdata1_ on groups0_.group_id=groupdata1_.group_id where groups0_.id=?
Hibernate: select groups0_.id as id1_0_0_, groups0_.group_id as group_id2_0_0_, groupdata1_.group_id as group_id1_2_1_, groupdata1_.group_footer as group_fo2_2_1_, groupdata1_.group_header as group_he3_2_1_, groupdata1_.group_name as group_na4_2_1_ from address_in_groups groups0_ inner join group_list groupdata1_ on groups0_.group_id=groupdata1_.group_id where groups0_.id=?
Hibernate: select groups0_.id as id1_0_0_, groups0_.group_id as group_id2_0_0_, groupdata1_.group_id as group_id1_2_1_, groupdata1_.group_footer as group_fo2_2_1_, groupdata1_.group_header as group_he3_2_1_, groupdata1_.group_name as group_na4_2_1_ from address_in_groups groups0_ inner join group_list groupdata1_ on groups0_.group_id=groupdata1_.group_id where groups0_.id=?
Hibernate: select groups0_.id as id1_0_0_, groups0_.group_id as group_id2_0_0_, groupdata1_.group_id as group_id1_2_1_, groupdata1_.group_footer as group_fo2_2_1_, groupdata1_.group_header as group_he3_2_1_, groupdata1_.group_name as group_na4_2_1_ from address_in_groups groups0_ inner join group_list groupdata1_ on groups0_.group_id=groupdata1_.group_id where groups0_.id=?
Hibernate: select groups0_.id as id1_0_0_, groups0_.group_id as group_id2_0_0_, groupdata1_.group_id as group_id1_2_1_, groupdata1_.group_footer as group_fo2_2_1_, groupdata1_.group_header as group_he3_2_1_, groupdata1_.group_name as group_na4_2_1_ from address_in_groups groups0_ inner join group_list groupdata1_ on groups0_.group_id=groupdata1_.group_id where groups0_.id=?
Hibernate: select contacts0_.group_id as group_id2_0_0_, contacts0_.id as id1_0_0_, contactdat1_.id as id1_1_1_, contactdat1_.address as address2_1_1_, contactdat1_.email as email3_1_1_, contactdat1_.email2 as email4_1_1_, contactdat1_.email3 as email5_1_1_, contactdat1_.firstname as firstnam6_1_1_, contactdat1_.home as home7_1_1_, contactdat1_.lastname as lastname8_1_1_, contactdat1_.mobile as mobile9_1_1_, contactdat1_.photo as photo10_1_1_, contactdat1_.work as work11_1_1_ from address_in_groups contacts0_ inner join addressbook contactdat1_ on contacts0_.id=contactdat1_.id where contacts0_.group_id=?
Hibernate: select contacts0_.group_id as group_id2_0_0_, contacts0_.id as id1_0_0_, contactdat1_.id as id1_1_1_, contactdat1_.address as address2_1_1_, contactdat1_.email as email3_1_1_, contactdat1_.email2 as email4_1_1_, contactdat1_.email3 as email5_1_1_, contactdat1_.firstname as firstnam6_1_1_, contactdat1_.home as home7_1_1_, contactdat1_.lastname as lastname8_1_1_, contactdat1_.mobile as mobile9_1_1_, contactdat1_.photo as photo10_1_1_, contactdat1_.work as work11_1_1_ from address_in_groups contacts0_ inner join addressbook contactdat1_ on contacts0_.id=contactdat1_.id where contacts0_.group_id=?
Hibernate: select contacts0_.group_id as group_id2_0_0_, contacts0_.id as id1_0_0_, contactdat1_.id as id1_1_1_, contactdat1_.address as address2_1_1_, contactdat1_.email as email3_1_1_, contactdat1_.email2 as email4_1_1_, contactdat1_.email3 as email5_1_1_, contactdat1_.firstname as firstnam6_1_1_, contactdat1_.home as home7_1_1_, contactdat1_.lastname as lastname8_1_1_, contactdat1_.mobile as mobile9_1_1_, contactdat1_.photo as photo10_1_1_, contactdat1_.work as work11_1_1_ from address_in_groups contacts0_ inner join addressbook contactdat1_ on contacts0_.id=contactdat1_.id where contacts0_.group_id=?
Hibernate: select groups0_.id as id1_0_0_, groups0_.group_id as group_id2_0_0_, groupdata1_.group_id as group_id1_2_1_, groupdata1_.group_footer as group_fo2_2_1_, groupdata1_.group_header as group_he3_2_1_, groupdata1_.group_name as group_na4_2_1_ from address_in_groups groups0_ inner join group_list groupdata1_ on groups0_.group_id=groupdata1_.group_id where groups0_.id=?
Hibernate: select groups0_.id as id1_0_0_, groups0_.group_id as group_id2_0_0_, groupdata1_.group_id as group_id1_2_1_, groupdata1_.group_footer as group_fo2_2_1_, groupdata1_.group_header as group_he3_2_1_, groupdata1_.group_name as group_na4_2_1_ from address_in_groups groups0_ inner join group_list groupdata1_ on groups0_.group_id=groupdata1_.group_id where groups0_.id=?
Hibernate: select groups0_.id as id1_0_0_, groups0_.group_id as group_id2_0_0_, groupdata1_.group_id as group_id1_2_1_, groupdata1_.group_footer as group_fo2_2_1_, groupdata1_.group_header as group_he3_2_1_, groupdata1_.group_name as group_na4_2_1_ from address_in_groups groups0_ inner join group_list groupdata1_ on groups0_.group_id=groupdata1_.group_id where groups0_.id=?
Hibernate: select groups0_.id as id1_0_0_, groups0_.group_id as group_id2_0_0_, groupdata1_.group_id as group_id1_2_1_, groupdata1_.group_footer as group_fo2_2_1_, groupdata1_.group_header as group_he3_2_1_, groupdata1_.group_name as group_na4_2_1_ from address_in_groups groups0_ inner join group_list groupdata1_ on groups0_.group_id=groupdata1_.group_id where groups0_.id=?
Hibernate: select groups0_.id as id1_0_0_, groups0_.group_id as group_id2_0_0_, groupdata1_.group_id as group_id1_2_1_, groupdata1_.group_footer as group_fo2_2_1_, groupdata1_.group_header as group_he3_2_1_, groupdata1_.group_name as group_na4_2_1_ from address_in_groups groups0_ inner join group_list groupdata1_ on groups0_.group_id=groupdata1_.group_id where groups0_.id=?
Hibernate: select groups0_.id as id1_0_0_, groups0_.group_id as group_id2_0_0_, groupdata1_.group_id as group_id1_2_1_, groupdata1_.group_footer as group_fo2_2_1_, groupdata1_.group_header as group_he3_2_1_, groupdata1_.group_name as group_na4_2_1_ from address_in_groups groups0_ inner join group_list groupdata1_ on groups0_.group_id=groupdata1_.group_id where groups0_.id=?
Hibernate: select groups0_.id as id1_0_0_, groups0_.group_id as group_id2_0_0_, groupdata1_.group_id as group_id1_2_1_, groupdata1_.group_footer as group_fo2_2_1_, groupdata1_.group_header as group_he3_2_1_, groupdata1_.group_name as group_na4_2_1_ from address_in_groups groups0_ inner join group_list groupdata1_ on groups0_.group_id=groupdata1_.group_id where groups0_.id=?
Hibernate: select groups0_.id as id1_0_0_, groups0_.group_id as group_id2_0_0_, groupdata1_.group_id as group_id1_2_1_, groupdata1_.group_footer as group_fo2_2_1_, groupdata1_.group_header as group_he3_2_1_, groupdata1_.group_name as group_na4_2_1_ from address_in_groups groups0_ inner join group_list groupdata1_ on groups0_.group_id=groupdata1_.group_id where groups0_.id=?
Hibernate: select groups0_.id as id1_0_0_, groups0_.group_id as group_id2_0_0_, groupdata1_.group_id as group_id1_2_1_, groupdata1_.group_footer as group_fo2_2_1_, groupdata1_.group_header as group_he3_2_1_, groupdata1_.group_name as group_na4_2_1_ from address_in_groups groups0_ inner join group_list groupdata1_ on groups0_.group_id=groupdata1_.group_id where groups0_.id=?
Hibernate: select groups0_.id as id1_0_0_, groups0_.group_id as group_id2_0_0_, groupdata1_.group_id as group_id1_2_1_, groupdata1_.group_footer as group_fo2_2_1_, groupdata1_.group_header as group_he3_2_1_, groupdata1_.group_name as group_na4_2_1_ from address_in_groups groups0_ inner join group_list groupdata1_ on groups0_.group_id=groupdata1_.group_id where groups0_.id=?
Hibernate: select groups0_.id as id1_0_0_, groups0_.group_id as group_id2_0_0_, groupdata1_.group_id as group_id1_2_1_, groupdata1_.group_footer as group_fo2_2_1_, groupdata1_.group_header as group_he3_2_1_, groupdata1_.group_name as group_na4_2_1_ from address_in_groups groups0_ inner join group_list groupdata1_ on groups0_.group_id=groupdata1_.group_id where groups0_.id=?
Hibernate: select groups0_.id as id1_0_0_, groups0_.group_id as group_id2_0_0_, groupdata1_.group_id as group_id1_2_1_, groupdata1_.group_footer as group_fo2_2_1_, groupdata1_.group_header as group_he3_2_1_, groupdata1_.group_name as group_na4_2_1_ from address_in_groups groups0_ inner join group_list groupdata1_ on groups0_.group_id=groupdata1_.group_id where groups0_.id=?
Hibernate: select groupdata0_.group_id as group_id1_2_, groupdata0_.group_footer as group_fo2_2_, groupdata0_.group_header as group_he3_2_, groupdata0_.group_name as group_na4_2_ from group_list groupdata0_
Hibernate: select contacts0_.group_id as group_id2_0_0_, contacts0_.id as id1_0_0_, contactdat1_.id as id1_1_1_, contactdat1_.address as address2_1_1_, contactdat1_.email as email3_1_1_, contactdat1_.email2 as email4_1_1_, contactdat1_.email3 as email5_1_1_, contactdat1_.firstname as firstnam6_1_1_, contactdat1_.home as home7_1_1_, contactdat1_.lastname as lastname8_1_1_, contactdat1_.mobile as mobile9_1_1_, contactdat1_.photo as photo10_1_1_, contactdat1_.work as work11_1_1_ from address_in_groups contacts0_ inner join addressbook contactdat1_ on contacts0_.id=contactdat1_.id where contacts0_.group_id=?
Hibernate: select contacts0_.group_id as group_id2_0_0_, contacts0_.id as id1_0_0_, contactdat1_.id as id1_1_1_, contactdat1_.address as address2_1_1_, contactdat1_.email as email3_1_1_, contactdat1_.email2 as email4_1_1_, contactdat1_.email3 as email5_1_1_, contactdat1_.firstname as firstnam6_1_1_, contactdat1_.home as home7_1_1_, contactdat1_.lastname as lastname8_1_1_, contactdat1_.mobile as mobile9_1_1_, contactdat1_.photo as photo10_1_1_, contactdat1_.work as work11_1_1_ from address_in_groups contacts0_ inner join addressbook contactdat1_ on contacts0_.id=contactdat1_.id where contacts0_.group_id=?
Hibernate: select contacts0_.group_id as group_id2_0_0_, contacts0_.id as id1_0_0_, contactdat1_.id as id1_1_1_, contactdat1_.address as address2_1_1_, contactdat1_.email as email3_1_1_, contactdat1_.email2 as email4_1_1_, contactdat1_.email3 as email5_1_1_, contactdat1_.firstname as firstnam6_1_1_, contactdat1_.home as home7_1_1_, contactdat1_.lastname as lastname8_1_1_, contactdat1_.mobile as mobile9_1_1_, contactdat1_.photo as photo10_1_1_, contactdat1_.work as work11_1_1_ from address_in_groups contacts0_ inner join addressbook contactdat1_ on contacts0_.id=contactdat1_.id where contacts0_.group_id=?
Hibernate: select contacts0_.group_id as group_id2_0_0_, contacts0_.id as id1_0_0_, contactdat1_.id as id1_1_1_, contactdat1_.address as address2_1_1_, contactdat1_.email as email3_1_1_, contactdat1_.email2 as email4_1_1_, contactdat1_.email3 as email5_1_1_, contactdat1_.firstname as firstnam6_1_1_, contactdat1_.home as home7_1_1_, contactdat1_.lastname as lastname8_1_1_, contactdat1_.mobile as mobile9_1_1_, contactdat1_.photo as photo10_1_1_, contactdat1_.work as work11_1_1_ from address_in_groups contacts0_ inner join addressbook contactdat1_ on contacts0_.id=contactdat1_.id where contacts0_.group_id=?
Hibernate: select contacts0_.group_id as group_id2_0_0_, contacts0_.id as id1_0_0_, contactdat1_.id as id1_1_1_, contactdat1_.address as address2_1_1_, contactdat1_.email as email3_1_1_, contactdat1_.email2 as email4_1_1_, contactdat1_.email3 as email5_1_1_, contactdat1_.firstname as firstnam6_1_1_, contactdat1_.home as home7_1_1_, contactdat1_.lastname as lastname8_1_1_, contactdat1_.mobile as mobile9_1_1_, contactdat1_.photo as photo10_1_1_, contactdat1_.work as work11_1_1_ from address_in_groups contacts0_ inner join addressbook contactdat1_ on contacts0_.id=contactdat1_.id where contacts0_.group_id=?
Hibernate: select contacts0_.group_id as group_id2_0_0_, contacts0_.id as id1_0_0_, contactdat1_.id as id1_1_1_, contactdat1_.address as address2_1_1_, contactdat1_.email as email3_1_1_, contactdat1_.email2 as email4_1_1_, contactdat1_.email3 as email5_1_1_, contactdat1_.firstname as firstnam6_1_1_, contactdat1_.home as home7_1_1_, contactdat1_.lastname as lastname8_1_1_, contactdat1_.mobile as mobile9_1_1_, contactdat1_.photo as photo10_1_1_, contactdat1_.work as work11_1_1_ from address_in_groups contacts0_ inner join addressbook contactdat1_ on contacts0_.id=contactdat1_.id where contacts0_.group_id=?
Hibernate: select contacts0_.group_id as group_id2_0_0_, contacts0_.id as id1_0_0_, contactdat1_.id as id1_1_1_, contactdat1_.address as address2_1_1_, contactdat1_.email as email3_1_1_, contactdat1_.email2 as email4_1_1_, contactdat1_.email3 as email5_1_1_, contactdat1_.firstname as firstnam6_1_1_, contactdat1_.home as home7_1_1_, contactdat1_.lastname as lastname8_1_1_, contactdat1_.mobile as mobile9_1_1_, contactdat1_.photo as photo10_1_1_, contactdat1_.work as work11_1_1_ from address_in_groups contacts0_ inner join addressbook contactdat1_ on contacts0_.id=contactdat1_.id where contacts0_.group_id=?
Hibernate: select contacts0_.group_id as group_id2_0_0_, contacts0_.id as id1_0_0_, contactdat1_.id as id1_1_1_, contactdat1_.address as address2_1_1_, contactdat1_.email as email3_1_1_, contactdat1_.email2 as email4_1_1_, contactdat1_.email3 as email5_1_1_, contactdat1_.firstname as firstnam6_1_1_, contactdat1_.home as home7_1_1_, contactdat1_.lastname as lastname8_1_1_, contactdat1_.mobile as mobile9_1_1_, contactdat1_.photo as photo10_1_1_, contactdat1_.work as work11_1_1_ from address_in_groups contacts0_ inner join addressbook contactdat1_ on contacts0_.id=contactdat1_.id where contacts0_.group_id=?
Hibernate: select contacts0_.group_id as group_id2_0_0_, contacts0_.id as id1_0_0_, contactdat1_.id as id1_1_1_, contactdat1_.address as address2_1_1_, contactdat1_.email as email3_1_1_, contactdat1_.email2 as email4_1_1_, contactdat1_.email3 as email5_1_1_, contactdat1_.firstname as firstnam6_1_1_, contactdat1_.home as home7_1_1_, contactdat1_.lastname as lastname8_1_1_, contactdat1_.mobile as mobile9_1_1_, contactdat1_.photo as photo10_1_1_, contactdat1_.work as work11_1_1_ from address_in_groups contacts0_ inner join addressbook contactdat1_ on contacts0_.id=contactdat1_.id where contacts0_.group_id=?
Hibernate: select contacts0_.group_id as group_id2_0_0_, contacts0_.id as id1_0_0_, contactdat1_.id as id1_1_1_, contactdat1_.address as address2_1_1_, contactdat1_.email as email3_1_1_, contactdat1_.email2 as email4_1_1_, contactdat1_.email3 as email5_1_1_, contactdat1_.firstname as firstnam6_1_1_, contactdat1_.home as home7_1_1_, contactdat1_.lastname as lastname8_1_1_, contactdat1_.mobile as mobile9_1_1_, contactdat1_.photo as photo10_1_1_, contactdat1_.work as work11_1_1_ from address_in_groups contacts0_ inner join addressbook contactdat1_ on contacts0_.id=contactdat1_.id where contacts0_.group_id=?
Hibernate: select contacts0_.group_id as group_id2_0_0_, contacts0_.id as id1_0_0_, contactdat1_.id as id1_1_1_, contactdat1_.address as address2_1_1_, contactdat1_.email as email3_1_1_, contactdat1_.email2 as email4_1_1_, contactdat1_.email3 as email5_1_1_, contactdat1_.firstname as firstnam6_1_1_, contactdat1_.home as home7_1_1_, contactdat1_.lastname as lastname8_1_1_, contactdat1_.mobile as mobile9_1_1_, contactdat1_.photo as photo10_1_1_, contactdat1_.work as work11_1_1_ from address_in_groups contacts0_ inner join addressbook contactdat1_ on contacts0_.id=contactdat1_.id where contacts0_.group_id=?
Hibernate: select contacts0_.group_id as group_id2_0_0_, contacts0_.id as id1_0_0_, contactdat1_.id as id1_1_1_, contactdat1_.address as address2_1_1_, contactdat1_.email as email3_1_1_, contactdat1_.email2 as email4_1_1_, contactdat1_.email3 as email5_1_1_, contactdat1_.firstname as firstnam6_1_1_, contactdat1_.home as home7_1_1_, contactdat1_.lastname as lastname8_1_1_, contactdat1_.mobile as mobile9_1_1_, contactdat1_.photo as photo10_1_1_, contactdat1_.work as work11_1_1_ from address_in_groups contacts0_ inner join addressbook contactdat1_ on contacts0_.id=contactdat1_.id where contacts0_.group_id=?
Hibernate: select contacts0_.group_id as group_id2_0_0_, contacts0_.id as id1_0_0_, contactdat1_.id as id1_1_1_, contactdat1_.address as address2_1_1_, contactdat1_.email as email3_1_1_, contactdat1_.email2 as email4_1_1_, contactdat1_.email3 as email5_1_1_, contactdat1_.firstname as firstnam6_1_1_, contactdat1_.home as home7_1_1_, contactdat1_.lastname as lastname8_1_1_, contactdat1_.mobile as mobile9_1_1_, contactdat1_.photo as photo10_1_1_, contactdat1_.work as work11_1_1_ from address_in_groups contacts0_ inner join addressbook contactdat1_ on contacts0_.id=contactdat1_.id where contacts0_.group_id=?
Hibernate: select contacts0_.group_id as group_id2_0_0_, contacts0_.id as id1_0_0_, contactdat1_.id as id1_1_1_, contactdat1_.address as address2_1_1_, contactdat1_.email as email3_1_1_, contactdat1_.email2 as email4_1_1_, contactdat1_.email3 as email5_1_1_, contactdat1_.firstname as firstnam6_1_1_, contactdat1_.home as home7_1_1_, contactdat1_.lastname as lastname8_1_1_, contactdat1_.mobile as mobile9_1_1_, contactdat1_.photo as photo10_1_1_, contactdat1_.work as work11_1_1_ from address_in_groups contacts0_ inner join addressbook contactdat1_ on contacts0_.id=contactdat1_.id where contacts0_.group_id=?
Hibernate: select contacts0_.group_id as group_id2_0_0_, contacts0_.id as id1_0_0_, contactdat1_.id as id1_1_1_, contactdat1_.address as address2_1_1_, contactdat1_.email as email3_1_1_, contactdat1_.email2 as email4_1_1_, contactdat1_.email3 as email5_1_1_, contactdat1_.firstname as firstnam6_1_1_, contactdat1_.home as home7_1_1_, contactdat1_.lastname as lastname8_1_1_, contactdat1_.mobile as mobile9_1_1_, contactdat1_.photo as photo10_1_1_, contactdat1_.work as work11_1_1_ from address_in_groups contacts0_ inner join addressbook contactdat1_ on contacts0_.id=contactdat1_.id where contacts0_.group_id=?
Hibernate: select contacts0_.group_id as group_id2_0_0_, contacts0_.id as id1_0_0_, contactdat1_.id as id1_1_1_, contactdat1_.address as address2_1_1_, contactdat1_.email as email3_1_1_, contactdat1_.email2 as email4_1_1_, contactdat1_.email3 as email5_1_1_, contactdat1_.firstname as firstnam6_1_1_, contactdat1_.home as home7_1_1_, contactdat1_.lastname as lastname8_1_1_, contactdat1_.mobile as mobile9_1_1_, contactdat1_.photo as photo10_1_1_, contactdat1_.work as work11_1_1_ from address_in_groups contacts0_ inner join addressbook contactdat1_ on contacts0_.id=contactdat1_.id where contacts0_.group_id=?
Hibernate: select contacts0_.group_id as group_id2_0_0_, contacts0_.id as id1_0_0_, contactdat1_.id as id1_1_1_, contactdat1_.address as address2_1_1_, contactdat1_.email as email3_1_1_, contactdat1_.email2 as email4_1_1_, contactdat1_.email3 as email5_1_1_, contactdat1_.firstname as firstnam6_1_1_, contactdat1_.home as home7_1_1_, contactdat1_.lastname as lastname8_1_1_, contactdat1_.mobile as mobile9_1_1_, contactdat1_.photo as photo10_1_1_, contactdat1_.work as work11_1_1_ from address_in_groups contacts0_ inner join addressbook contactdat1_ on contacts0_.id=contactdat1_.id where contacts0_.group_id=?
Hibernate: select contacts0_.group_id as group_id2_0_0_, contacts0_.id as id1_0_0_, contactdat1_.id as id1_1_1_, contactdat1_.address as address2_1_1_, contactdat1_.email as email3_1_1_, contactdat1_.email2 as email4_1_1_, contactdat1_.email3 as email5_1_1_, contactdat1_.firstname as firstnam6_1_1_, contactdat1_.home as home7_1_1_, contactdat1_.lastname as lastname8_1_1_, contactdat1_.mobile as mobile9_1_1_, contactdat1_.photo as photo10_1_1_, contactdat1_.work as work11_1_1_ from address_in_groups contacts0_ inner join addressbook contactdat1_ on contacts0_.id=contactdat1_.id where contacts0_.group_id=?
Hibernate: select contacts0_.group_id as group_id2_0_0_, contacts0_.id as id1_0_0_, contactdat1_.id as id1_1_1_, contactdat1_.address as address2_1_1_, contactdat1_.email as email3_1_1_, contactdat1_.email2 as email4_1_1_, contactdat1_.email3 as email5_1_1_, contactdat1_.firstname as firstnam6_1_1_, contactdat1_.home as home7_1_1_, contactdat1_.lastname as lastname8_1_1_, contactdat1_.mobile as mobile9_1_1_, contactdat1_.photo as photo10_1_1_, contactdat1_.work as work11_1_1_ from address_in_groups contacts0_ inner join addressbook contactdat1_ on contacts0_.id=contactdat1_.id where contacts0_.group_id=?
[...]
Hibernate: select contacts0_.group_id as group_id2_0_0_, contacts0_.id as id1_0_0_, contactdat1_.id as id1_1_1_, contactdat1_.address as address2_1_1_, contactdat1_.email as email3_1_1_, contactdat1_.email2 as email4_1_1_, contactdat1_.email3 as email5_1_1_, contactdat1_.firstname as firstnam6_1_1_, contactdat1_.home as home7_1_1_, contactdat1_.lastname as lastname8_1_1_, contactdat1_.mobile as mobile9_1_1_, contactdat1_.photo as photo10_1_1_, contactdat1_.work as work11_1_1_ from address_in_groups contacts0_ inner join addressbook contactdat1_ on contacts0_.id=contactdat1_.id where contacts0_.group_id=?
Hibernate: select contacts0_.group_id as group_id2_0_0_, contacts0_.id as id1_0_0_, contactdat1_.id as id1_1_1_, contactdat1_.address as address2_1_1_, contactdat1_.email as email3_1_1_, contactdat1_.email2 as email4_1_1_, contactdat1_.email3 as email5_1_1_, contactdat1_.firstname as firstnam6_1_1_, contactdat1_.home as home7_1_1_, contactdat1_.lastname as lastname8_1_1_, contactdat1_.mobile as mobile9_1_1_, contactdat1_.photo as photo10_1_1_, contactdat1_.work as work11_1_1_ from address_in_groups contacts0_ inner join addressbook contactdat1_ on contacts0_.id=contactdat1_.id where contacts0_.group_id=?
Hibernate: select contacts0_.group_id as group_id2_0_0_, contacts0_.id as id1_0_0_, contactdat1_.id as id1_1_1_, contactdat1_.address as address2_1_1_, contactdat1_.email as email3_1_1_, contactdat1_.email2 as email4_1_1_, contactdat1_.email3 as email5_1_1_, contactdat1_.firstname as firstnam6_1_1_, contactdat1_.home as home7_1_1_, contactdat1_.lastname as lastname8_1_1_, contactdat1_.mobile as mobile9_1_1_, contactdat1_.photo as photo10_1_1_, contactdat1_.work as work11_1_1_ from address_in_groups contacts0_ inner join addressbook contactdat1_ on contacts0_.id=contactdat1_.id where contacts0_.group_id=?
Hibernate: select contacts0_.group_id as group_id2_0_0_, contacts0_.id as id1_0_0_, contactdat1_.id as id1_1_1_, contactdat1_.address as address2_1_1_, contactdat1_.email as email3_1_1_, contactdat1_.email2 as email4_1_1_, contactdat1_.email3 as email5_1_1_, contactdat1_.firstname as firstnam6_1_1_, contactdat1_.home as home7_1_1_, contactdat1_.lastname as lastname8_1_1_, contactdat1_.mobile as mobile9_1_1_, contactdat1_.photo as photo10_1_1_, contactdat1_.work as work11_1_1_ from address_in_groups contacts0_ inner join addressbook contactdat1_ on contacts0_.id=contactdat1_.id where contacts0_.group_id=?
Hibernate: select contacts0_.group_id as group_id2_0_0_, contacts0_.id as id1_0_0_, contactdat1_.id as id1_1_1_, contactdat1_.address as address2_1_1_, contactdat1_.email as email3_1_1_, contactdat1_.email2 as email4_1_1_, contactdat1_.email3 as email5_1_1_, contactdat1_.firstname as firstnam6_1_1_, contactdat1_.home as home7_1_1_, contactdat1_.lastname as lastname8_1_1_, contactdat1_.mobile as mobile9_1_1_, contactdat1_.photo as photo10_1_1_, contactdat1_.work as work11_1_1_ from address_in_groups contacts0_ inner join addressbook contactdat1_ on contacts0_.id=contactdat1_.id where contacts0_.group_id=?
Hibernate: select contacts0_.group_id as group_id2_0_0_, contacts0_.id as id1_0_0_, contactdat1_.id as id1_1_1_, contactdat1_.address as address2_1_1_, contactdat1_.email as email3_1_1_, contactdat1_.email2 as email4_1_1_, contactdat1_.email3 as email5_1_1_, contactdat1_.firstname as firstnam6_1_1_, contactdat1_.home as home7_1_1_, contactdat1_.lastname as lastname8_1_1_, contactdat1_.mobile as mobile9_1_1_, contactdat1_.photo as photo10_1_1_, contactdat1_.work as work11_1_1_ from address_in_groups contacts0_ inner join addressbook contactdat1_ on contacts0_.id=contactdat1_.id where contacts0_.group_id=?
Hibernate: select contacts0_.group_id as group_id2_0_0_, contacts0_.id as id1_0_0_, contactdat1_.id as id1_1_1_, contactdat1_.address as address2_1_1_, contactdat1_.email as email3_1_1_, contactdat1_.email2 as email4_1_1_, contactdat1_.email3 as email5_1_1_, contactdat1_.firstname as firstnam6_1_1_, contactdat1_.home as home7_1_1_, contactdat1_.lastname as lastname8_1_1_, contactdat1_.mobile as mobile9_1_1_, contactdat1_.photo as photo10_1_1_, contactdat1_.work as work11_1_1_ from address_in_groups contacts0_ inner join addressbook contactdat1_ on contacts0_.id=contactdat1_.id where contacts0_.group_id=?
Hibernate: select contacts0_.group_id as group_id2_0_0_, contacts0_.id as id1_0_0_, contactdat1_.id as id1_1_1_, contactdat1_.address as address2_1_1_, contactdat1_.email as email3_1_1_, contactdat1_.email2 as email4_1_1_, contactdat1_.email3 as email5_1_1_, contactdat1_.firstname as firstnam6_1_1_, contactdat1_.home as home7_1_1_, contactdat1_.lastname as lastname8_1_1_, contactdat1_.mobile as mobile9_1_1_, contactdat1_.photo as photo10_1_1_, contactdat1_.work as work11_1_1_ from address_in_groups contacts0_ inner join addressbook contactdat1_ on contacts0_.id=contactdat1_.id where contacts0_.group_id=?
Hibernate: select contacts0_.group_id as group_id2_0_0_, contacts0_.id as id1_0_0_, contactdat1_.id as id1_1_1_, contactdat1_.address as address2_1_1_, contactdat1_.email as email3_1_1_, contactdat1_.email2 as email4_1_1_, contactdat1_.email3 as email5_1_1_, contactdat1_.firstname as firstnam6_1_1_, contactdat1_.home as home7_1_1_, contactdat1_.lastname as lastname8_1_1_, contactdat1_.mobile as mobile9_1_1_, contactdat1_.photo as photo10_1_1_, contactdat1_.work as work11_1_1_ from address_in_groups contacts0_ inner join addressbook contactdat1_ on contacts0_.id=contactdat1_.id where contacts0_.group_id=?
Hibernate: select contacts0_.group_id as group_id2_0_0_, contacts0_.id as id1_0_0_, contactdat1_.id as id1_1_1_, contactdat1_.address as address2_1_1_, contactdat1_.email as email3_1_1_, contactdat1_.email2 as email4_1_1_, contactdat1_.email3 as email5_1_1_, contactdat1_.firstname as firstnam6_1_1_, contactdat1_.home as home7_1_1_, contactdat1_.lastname as lastname8_1_1_, contactdat1_.mobile as mobile9_1_1_, contactdat1_.photo as photo10_1_1_, contactdat1_.work as work11_1_1_ from address_in_groups contacts0_ inner join addressbook contactdat1_ on contacts0_.id=contactdat1_.id where contacts0_.group_id=?
Hibernate: select contacts0_.group_id as group_id2_0_0_, contacts0_.id as id1_0_0_, contactdat1_.id as id1_1_1_, contactdat1_.address as address2_1_1_, contactdat1_.email as email3_1_1_, contactdat1_.email2 as email4_1_1_, contactdat1_.email3 as email5_1_1_, contactdat1_.firstname as firstnam6_1_1_, contactdat1_.home as home7_1_1_, contactdat1_.lastname as lastname8_1_1_, contactdat1_.mobile as mobile9_1_1_, contactdat1_.photo as photo10_1_1_, contactdat1_.work as work11_1_1_ from address_in_groups contacts0_ inner join addressbook contactdat1_ on contacts0_.id=contactdat1_.id where contacts0_.group_id=?
Hibernate: select contacts0_.group_id as group_id2_0_0_, contacts0_.id as id1_0_0_, contactdat1_.id as id1_1_1_, contactdat1_.address as address2_1_1_, contactdat1_.email as email3_1_1_, contactdat1_.email2 as email4_1_1_, contactdat1_.email3 as email5_1_1_, contactdat1_.firstname as firstnam6_1_1_, contactdat1_.home as home7_1_1_, contactdat1_.lastname as lastname8_1_1_, contactdat1_.mobile as mobile9_1_1_, contactdat1_.photo as photo10_1_1_, contactdat1_.work as work11_1_1_ from address_in_groups contacts0_ inner join addressbook contactdat1_ on contacts0_.id=contactdat1_.id where contacts0_.group_id=?
Hibernate: select contacts0_.group_id as group_id2_0_0_, contacts0_.id as id1_0_0_, contactdat1_.id as id1_1_1_, contactdat1_.address as address2_1_1_, contactdat1_.email as email3_1_1_, contactdat1_.email2 as email4_1_1_, contactdat1_.email3 as email5_1_1_, contactdat1_.firstname as firstnam6_1_1_, contactdat1_.home as home7_1_1_, contactdat1_.lastname as lastname8_1_1_, contactdat1_.mobile as mobile9_1_1_, contactdat1_.photo as photo10_1_1_, contactdat1_.work as work11_1_1_ from address_in_groups contacts0_ inner join addressbook contactdat1_ on contacts0_.id=contactdat1_.id where contacts0_.group_id=?
Hibernate: select contacts0_.group_id as group_id2_0_0_, contacts0_.id as id1_0_0_, contactdat1_.id as id1_1_1_, contactdat1_.address as address2_1_1_, contactdat1_.email as email3_1_1_, contactdat1_.email2 as email4_1_1_, contactdat1_.email3 as email5_1_1_, contactdat1_.firstname as firstnam6_1_1_, contactdat1_.home as home7_1_1_, contactdat1_.lastname as lastname8_1_1_, contactdat1_.mobile as mobile9_1_1_, contactdat1_.photo as photo10_1_1_, contactdat1_.work as work11_1_1_ from address_in_groups contacts0_ inner join addressbook contactdat1_ on contacts0_.id=contactdat1_.id where contacts0_.group_id=?
Hibernate: select groups0_.id as id1_0_0_, groups0_.group_id as group_id2_0_0_, groupdata1_.group_id as group_id1_2_1_, groupdata1_.group_footer as group_fo2_2_1_, groupdata1_.group_header as group_he3_2_1_, groupdata1_.group_name as group_na4_2_1_ from address_in_groups groups0_ inner join group_list groupdata1_ on groups0_.group_id=groupdata1_.group_id where groups0_.id=?
Hibernate: select groups0_.id as id1_0_0_, groups0_.group_id as group_id2_0_0_, groupdata1_.group_id as group_id1_2_1_, groupdata1_.group_footer as group_fo2_2_1_, groupdata1_.group_header as group_he3_2_1_, groupdata1_.group_name as group_na4_2_1_ from address_in_groups groups0_ inner join group_list groupdata1_ on groups0_.group_id=groupdata1_.group_id where groups0_.id=?
Hibernate: select groups0_.id as id1_0_0_, groups0_.group_id as group_id2_0_0_, groupdata1_.group_id as group_id1_2_1_, groupdata1_.group_footer as group_fo2_2_1_, groupdata1_.group_header as group_he3_2_1_, groupdata1_.group_name as group_na4_2_1_ from address_in_groups groups0_ inner join group_list groupdata1_ on groups0_.group_id=groupdata1_.group_id where groups0_.id=?
Hibernate: select groups0_.id as id1_0_0_, groups0_.group_id as group_id2_0_0_, groupdata1_.group_id as group_id1_2_1_, groupdata1_.group_footer as group_fo2_2_1_, groupdata1_.group_header as group_he3_2_1_, groupdata1_.group_name as group_na4_2_1_ from address_in_groups groups0_ inner join group_list groupdata1_ on groups0_.group_id=groupdata1_.group_id where groups0_.id=?
Hibernate: select groups0_.id as id1_0_0_, groups0_.group_id as group_id2_0_0_, groupdata1_.group_id as group_id1_2_1_, groupdata1_.group_footer as group_fo2_2_1_, groupdata1_.group_header as group_he3_2_1_, groupdata1_.group_name as group_na4_2_1_ from address_in_groups groups0_ inner join group_list groupdata1_ on groups0_.group_id=groupdata1_.group_id where groups0_.id=?
Hibernate: select groups0_.id as id1_0_0_, groups0_.group_id as group_id2_0_0_, groupdata1_.group_id as group_id1_2_1_, groupdata1_.group_footer as group_fo2_2_1_, groupdata1_.group_header as group_he3_2_1_, groupdata1_.group_name as group_na4_2_1_ from address_in_groups groups0_ inner join group_list groupdata1_ on groups0_.group_id=groupdata1_.group_id where groups0_.id=?
Hibernate: select groups0_.id as id1_0_0_, groups0_.group_id as group_id2_0_0_, groupdata1_.group_id as group_id1_2_1_, groupdata1_.group_footer as group_fo2_2_1_, groupdata1_.group_header as group_he3_2_1_, groupdata1_.group_name as group_na4_2_1_ from address_in_groups groups0_ inner join group_list groupdata1_ on groups0_.group_id=groupdata1_.group_id where groups0_.id=?
Hibernate: select groups0_.id as id1_0_0_, groups0_.group_id as group_id2_0_0_, groupdata1_.group_id as group_id1_2_1_, groupdata1_.group_footer as group_fo2_2_1_, groupdata1_.group_header as group_he3_2_1_, groupdata1_.group_name as group_na4_2_1_ from address_in_groups groups0_ inner join group_list groupdata1_ on groups0_.group_id=groupdata1_.group_id where groups0_.id=?
Hibernate: select groups0_.id as id1_0_0_, groups0_.group_id as group_id2_0_0_, groupdata1_.group_id as group_id1_2_1_, groupdata1_.group_footer as group_fo2_2_1_, groupdata1_.group_header as group_he3_2_1_, groupdata1_.group_name as group_na4_2_1_ from address_in_groups groups0_ inner join group_list groupdata1_ on groups0_.group_id=groupdata1_.group_id where groups0_.id=?
Hibernate: select groups0_.id as id1_0_0_, groups0_.group_id as group_id2_0_0_, groupdata1_.group_id as group_id1_2_1_, groupdata1_.group_footer as group_fo2_2_1_, groupdata1_.group_header as group_he3_2_1_, groupdata1_.group_name as group_na4_2_1_ from address_in_groups groups0_ inner join group_list groupdata1_ on groups0_.group_id=groupdata1_.group_id where groups0_.id=?
Hibernate: select groups0_.id as id1_0_0_, groups0_.group_id as group_id2_0_0_, groupdata1_.group_id as group_id1_2_1_, groupdata1_.group_footer as group_fo2_2_1_, groupdata1_.group_header as group_he3_2_1_, groupdata1_.group_name as group_na4_2_1_ from address_in_groups groups0_ inner join group_list groupdata1_ on groups0_.group_id=groupdata1_.group_id where groups0_.id=?
Hibernate: select contacts0_.group_id as group_id2_0_0_, contacts0_.id as id1_0_0_, contactdat1_.id as id1_1_1_, contactdat1_.address as address2_1_1_, contactdat1_.email as email3_1_1_, contactdat1_.email2 as email4_1_1_, contactdat1_.email3 as email5_1_1_, contactdat1_.firstname as firstnam6_1_1_, contactdat1_.home as home7_1_1_, contactdat1_.lastname as lastname8_1_1_, contactdat1_.mobile as mobile9_1_1_, contactdat1_.photo as photo10_1_1_, contactdat1_.work as work11_1_1_ from address_in_groups contacts0_ inner join addressbook contactdat1_ on contacts0_.id=contactdat1_.id where contacts0_.group_id=?
Hibernate: select contacts0_.group_id as group_id2_0_0_, contacts0_.id as id1_0_0_, contactdat1_.id as id1_1_1_, contactdat1_.address as address2_1_1_, contactdat1_.email as email3_1_1_, contactdat1_.email2 as email4_1_1_, contactdat1_.email3 as email5_1_1_, contactdat1_.firstname as firstnam6_1_1_, contactdat1_.home as home7_1_1_, contactdat1_.lastname as lastname8_1_1_, contactdat1_.mobile as mobile9_1_1_, contactdat1_.photo as photo10_1_1_, contactdat1_.work as work11_1_1_ from address_in_groups contacts0_ inner join addressbook contactdat1_ on contacts0_.id=contactdat1_.id where contacts0_.group_id=?
Hibernate: select contacts0_.group_id as group_id2_0_0_, contacts0_.id as id1_0_0_, contactdat1_.id as id1_1_1_, contactdat1_.address as address2_1_1_, contactdat1_.email as email3_1_1_, contactdat1_.email2 as email4_1_1_, contactdat1_.email3 as email5_1_1_, contactdat1_.firstname as firstnam6_1_1_, contactdat1_.home as home7_1_1_, contactdat1_.lastname as lastname8_1_1_, contactdat1_.mobile as mobile9_1_1_, contactdat1_.photo as photo10_1_1_, contactdat1_.work as work11_1_1_ from address_in_groups contacts0_ inner join addressbook contactdat1_ on contacts0_.id=contactdat1_.id where contacts0_.group_id=?
Hibernate: select groups0_.id as id1_0_0_, groups0_.group_id as group_id2_0_0_, groupdata1_.group_id as group_id1_2_1_, groupdata1_.group_footer as group_fo2_2_1_, groupdata1_.group_header as group_he3_2_1_, groupdata1_.group_name as group_na4_2_1_ from address_in_groups groups0_ inner join group_list groupdata1_ on groups0_.group_id=groupdata1_.group_id where groups0_.id=?
Hibernate: select groups0_.id as id1_0_0_, groups0_.group_id as group_id2_0_0_, groupdata1_.group_id as group_id1_2_1_, groupdata1_.group_footer as group_fo2_2_1_, groupdata1_.group_header as group_he3_2_1_, groupdata1_.group_name as group_na4_2_1_ from address_in_groups groups0_ inner join group_list groupdata1_ on groups0_.group_id=groupdata1_.group_id where groups0_.id=?
Hibernate: select groups0_.id as id1_0_0_, groups0_.group_id as group_id2_0_0_, groupdata1_.group_id as group_id1_2_1_, groupdata1_.group_footer as group_fo2_2_1_, groupdata1_.group_header as group_he3_2_1_, groupdata1_.group_name as group_na4_2_1_ from address_in_groups groups0_ inner join group_list groupdata1_ on groups0_.group_id=groupdata1_.group_id where groups0_.id=?
Hibernate: select groups0_.id as id1_0_0_, groups0_.group_id as group_id2_0_0_, groupdata1_.group_id as group_id1_2_1_, groupdata1_.group_footer as group_fo2_2_1_, groupdata1_.group_header as group_he3_2_1_, groupdata1_.group_name as group_na4_2_1_ from address_in_groups groups0_ inner join group_list groupdata1_ on groups0_.group_id=groupdata1_.group_id where groups0_.id=?
Hibernate: select groups0_.id as id1_0_0_, groups0_.group_id as group_id2_0_0_, groupdata1_.group_id as group_id1_2_1_, groupdata1_.group_footer as group_fo2_2_1_, groupdata1_.group_header as group_he3_2_1_, groupdata1_.group_name as group_na4_2_1_ from address_in_groups groups0_ inner join group_list groupdata1_ on groups0_.group_id=groupdata1_.group_id where groups0_.id=?
Hibernate: select groups0_.id as id1_0_0_, groups0_.group_id as group_id2_0_0_, groupdata1_.group_id as group_id1_2_1_, groupdata1_.group_footer as group_fo2_2_1_, groupdata1_.group_header as group_he3_2_1_, groupdata1_.group_name as group_na4_2_1_ from address_in_groups groups0_ inner join group_list groupdata1_ on groups0_.group_id=groupdata1_.group_id where groups0_.id=?
Hibernate: select groups0_.id as id1_0_0_, groups0_.group_id as group_id2_0_0_, groupdata1_.group_id as group_id1_2_1_, groupdata1_.group_footer as group_fo2_2_1_, groupdata1_.group_header as group_he3_2_1_, groupdata1_.group_name as group_na4_2_1_ from address_in_groups groups0_ inner join group_list groupdata1_ on groups0_.group_id=groupdata1_.group_id where groups0_.id=?
Hibernate: select groups0_.id as id1_0_0_, groups0_.group_id as group_id2_0_0_, groupdata1_.group_id as group_id1_2_1_, groupdata1_.group_footer as group_fo2_2_1_, groupdata1_.group_header as group_he3_2_1_, groupdata1_.group_name as group_na4_2_1_ from address_in_groups groups0_ inner join group_list groupdata1_ on groups0_.group_id=groupdata1_.group_id where groups0_.id=?
Hibernate: select groups0_.id as id1_0_0_, groups0_.group_id as group_id2_0_0_, groupdata1_.group_id as group_id1_2_1_, groupdata1_.group_footer as group_fo2_2_1_, groupdata1_.group_header as group_he3_2_1_, groupdata1_.group_name as group_na4_2_1_ from address_in_groups groups0_ inner join group_list groupdata1_ on groups0_.group_id=groupdata1_.group_id where groups0_.id=?
Hibernate: select groups0_.id as id1_0_0_, groups0_.group_id as group_id2_0_0_, groupdata1_.group_id as group_id1_2_1_, groupdata1_.group_footer as group_fo2_2_1_, groupdata1_.group_header as group_he3_2_1_, groupdata1_.group_name as group_na4_2_1_ from address_in_groups groups0_ inner join group_list groupdata1_ on groups0_.group_id=groupdata1_.group_id where groups0_.id=?
Hibernate: select groups0_.id as id1_0_0_, groups0_.group_id as group_id2_0_0_, groupdata1_.group_id as group_id1_2_1_, groupdata1_.group_footer as group_fo2_2_1_, groupdata1_.group_header as group_he3_2_1_, groupdata1_.group_name as group_na4_2_1_ from address_in_groups groups0_ inner join group_list groupdata1_ on groups0_.group_id=groupdata1_.group_id where groups0_.id=?
Hibernate: select groups0_.id as id1_0_0_, groups0_.group_id as group_id2_0_0_, groupdata1_.group_id as group_id1_2_1_, groupdata1_.group_footer as group_fo2_2_1_, groupdata1_.group_header as group_he3_2_1_, groupdata1_.group_name as group_na4_2_1_ from address_in_groups groups0_ inner join group_list groupdata1_ on groups0_.group_id=groupdata1_.group_id where groups0_.id=?
/Users/Max/Documents/GitHub/first_repo/addressbook-web-tests/.
/Users/Max/Documents/GitHub/first_repo/addressbook-web-tests/src/test/resources/frog.png
true
true
22:11:35.245 [Test worker] INFO  r.s.p.a.addressbook.tests.TestBase - Stop testtestCurrentDir
]]></system-out>
  <system-err><![CDATA[]]></system-err>
</testsuite>
